#
# A fatal error has been detected by the Java Runtime Environment:
#
#  SIGSEGV (0xb) at pc=0x00007fbfc9155981, pid=5599, tid=0x00007fbfc9464700
#
# JRE version: OpenJDK Runtime Environment (8.0_252-b09) (build 1.8.0_252-8u252-b09-1~19.10-b09)
# Java VM: OpenJDK 64-Bit Server VM (25.252-b09 mixed mode linux-amd64 compressed oops)
# Problematic frame:
# C  [jna1980077255574709507.tmp+0xf981]
#
# Failed to write core dump. Core dumps have been disabled. To enable core dumping, try "ulimit -c unlimited" before starting Java again
#
# If you would like to submit a bug report, please visit:
#   http://bugreport.java.com/bugreport/crash.jsp
# The crash happened outside the Java Virtual Machine in native code.
# See problematic frame for where to report the bug.
#

---------------  T H R E A D  ---------------

Current thread (0x00007fbfdc2ab800):  JavaThread "Thread-0" [_thread_in_native, id=5633, stack(0x00007fbfc9364000,0x00007fbfc9465000)]

siginfo: si_signo: 11 (SIGSEGV), si_code: 128 (SI_KERNEL), si_addr: 0x0000000000000000

Registers:
RAX=0x0000000000000002, RBX=0xffe07fbfc9463780, RCX=0x0000000000000000, RDX=0x0000000000000001
RSP=0x00007fbfc9462e80, RBP=0x00007fbfc9462ea0, RSI=0x0000000000000002, RDI=0xffe07fbfc9463780
R8 =0x0000000000000000, R9 =0x00007fbfc915bfa0, R10=0x00007fbfcd20a769, R11=0x00000000eca35a40
R12=0x00007fbfc9462f00, R13=0x00007fbfc9462ee0, R14=0x00007fbfc9463850, R15=0x00007fbfdc2ab800
RIP=0x00007fbfc9155981, EFLAGS=0x0000000000010293, CSGSFS=0x002b000000000033, ERR=0x0000000000000000
  TRAPNO=0x000000000000000d

Top of Stack: (sp=0x00007fbfc9462e80)
0x00007fbfc9462e80:   00007fbfc9462f00 0000000000000000
0x00007fbfc9462e90:   00007fbfc9462f00 00000000c4e1bd50
0x00007fbfc9462ea0:   00007fbfc9462ec0 00007fbfc9155a5b
0x00007fbfc9462eb0:   00007fbfc9462ee0 0000000000000000
0x00007fbfc9462ec0:   00007fbfc94637f0 00007fbfc915209d
0x00007fbfc9462ed0:   00007fbfdc2ab800 0000000000000000
0x00007fbfc9462ee0:   0000000000000000 00000000c4e1bd50
0x00007fbfc9462ef0:   00007fbfc9463850 00007fbfdc2ab800
0x00007fbfc9462f00:   00007fbfc94637f0 00007fbfc9151d90
0x00007fbfc9462f10:   00007fbf98001110 00007fbfc9462ef0
0x00007fbfc9462f20:   00007fbfc9463800 00007fbfc8ef2730
0x00007fbfc9462f30:   0000000000000000 00007fbfc9462ed0
0x00007fbfc9462f40:   00007fbfc915bfa0 00007fbfc9462ef0
0x00007fbfc9462f50:   00000000cd228ac0 00007fbfc9462ee0
0x00007fbfc9462f60:   00007fbfdc2ab9e0 00007fbfc9463838
0x00007fbfc9462f70:   00000000c94639f8 0000000000000000
0x00007fbfc9462f80:   0000000000000000 b774ce1d29476500
0x00007fbfc9462f90:   00007fbfc9463980 00007fbfcd227298
0x00007fbfc9462fa0:   00007fbfcd2270d0 00007fbf00000000
0x00007fbfc9462fb0:   00000000ecdc0f40 00007fbfc9463980
0x00007fbfc9462fc0:   0000000100053820 00000001000696f8
0x00007fbfc9462fd0:   00007fbfe06cdad0 00007fbfdc2ab800
0x00007fbfc9462fe0:   00007fbfe0855f08 00007fbfdc2ab800
0x00007fbfc9462ff0:   0000000000000002 0000000000000000
0x00007fbfc9463000:   0000000000000000 00007fbfdc2ab800
0x00007fbfc9463010:   00007fbfc9463001 b774ce1d29476500
0x00007fbfc9463020:   00007fbfc94630e0 00007fbfe080d028
0x00007fbfc9463030:   000000000000002f 00007fbfc94630e0
0x00007fbfc9463040:   00007fbfc9463700 00007fbfe2156694
0x00007fbfc9463050:   0000000000000001 0000000100066488
0x00007fbfc9463060:   00007fbfc9463080 b774ce1d29476500
0x00007fbfc9463070:   00007fbfc9463160 0000000100000ea8 

Instructions: (pc=0x00007fbfc9155981)
0x00007fbfc9155961:   8d 56 ff b8 02 00 00 00 48 89 e5 41 55 41 54 53
0x00007fbfc9155971:   48 89 fb 48 83 ec 08 83 fa 06 4c 8b 6d 10 77 51
0x00007fbfc9155981:   89 37 4c 89 6f 08 44 89 47 04 4c 89 4f 10 c7 47
0x00007fbfc9155991:   1c 00 00 00 00 49 83 39 00 74 64 45 85 c0 74 3f 

Register to memory mapping:

RAX=0x0000000000000002 is an unknown value
RBX=0xffe07fbfc9463780 is an unknown value
RCX=0x0000000000000000 is an unknown value
RDX=0x0000000000000001 is an unknown value
RSP=0x00007fbfc9462e80 is pointing into the stack for thread: 0x00007fbfdc2ab800
RBP=0x00007fbfc9462ea0 is pointing into the stack for thread: 0x00007fbfdc2ab800
RSI=0x0000000000000002 is an unknown value
RDI=0xffe07fbfc9463780 is an unknown value
R8 =0x0000000000000000 is an unknown value
R9 =0x00007fbfc915bfa0: ffi_type_void+0 in /tmp/jna-110353012/jna1980077255574709507.tmp at 0x00007fbfc9146000
R10=0x00007fbfcd20a769 is at entry_point+105 in (nmethod*)0x00007fbfcd20a590
R11=0x00000000eca35a40 is an oop
[Ljava.lang.Object; 
 - klass: 'java/lang/Object'[]
 - length: 0
R12=0x00007fbfc9462f00 is pointing into the stack for thread: 0x00007fbfdc2ab800
R13=0x00007fbfc9462ee0 is pointing into the stack for thread: 0x00007fbfdc2ab800
R14=0x00007fbfc9463850 is pointing into the stack for thread: 0x00007fbfdc2ab800
R15=0x00007fbfdc2ab800 is a thread


Stack: [0x00007fbfc9364000,0x00007fbfc9465000],  sp=0x00007fbfc9462e80,  free space=1019k
Native frames: (J=compiled Java code, j=interpreted, Vv=VM code, C=native code)
C  [jna1980077255574709507.tmp+0xf981]
C  [jna1980077255574709507.tmp+0xfa5b]  ffi_prep_cif+0x1b
C  [jna1980077255574709507.tmp+0xc09d]
C  [jna1980077255574709507.tmp+0xc881]  Java_com_sun_jna_Native_invokeVoid+0x21
J 444  com.sun.jna.Native.invokeVoid(Lcom/sun/jna/Function;JI[Ljava/lang/Object;)V (0 bytes) @ 0x00007fbfcd20a7e3 [0x00007fbfcd20a700+0xe3]
J 456 C2 com.sun.jna.Function.invoke([Ljava/lang/Object;Ljava/lang/Class;ZI)Ljava/lang/Object; (769 bytes) @ 0x00007fbfcd21a840 [0x00007fbfcd21a7e0+0x60]
J 458 C2 com.sun.jna.Function.invoke(Ljava/lang/reflect/Method;[Ljava/lang/Class;Ljava/lang/Class;[Ljava/lang/Object;Ljava/util/Map;)Ljava/lang/Object; (548 bytes) @ 0x00007fbfcd22dc14 [0x00007fbfcd22d800+0x414]
J 454 C2 com.sun.jna.Library$Handler.invoke(Ljava/lang/Object;Ljava/lang/reflect/Method;[Ljava/lang/Object;)Ljava/lang/Object; (348 bytes) @ 0x00007fbfcd228e30 [0x00007fbfcd228aa0+0x390]
J 461% C2 Main$1.run()V (50 bytes) @ 0x00007fbfcd227298 [0x00007fbfcd227240+0x58]
j  java.lang.Thread.run()V+11
v  ~StubRoutines::call_stub
V  [libjvm.so+0x672a75]
V  [libjvm.so+0x6701ef]
V  [libjvm.so+0x6707d4]
V  [libjvm.so+0x6c4260]
V  [libjvm.so+0xa35d80]
V  [libjvm.so+0xa36168]
V  [libjvm.so+0x8eaff0]
C  [libpthread.so.0+0x9669]  start_thread+0xd9

Java frames: (J=compiled Java code, j=interpreted, Vv=VM code)
J 444  com.sun.jna.Native.invokeVoid(Lcom/sun/jna/Function;JI[Ljava/lang/Object;)V (0 bytes) @ 0x00007fbfcd20a769 [0x00007fbfcd20a700+0x69]
J 456 C2 com.sun.jna.Function.invoke([Ljava/lang/Object;Ljava/lang/Class;ZI)Ljava/lang/Object; (769 bytes) @ 0x00007fbfcd21a840 [0x00007fbfcd21a7e0+0x60]
J 458 C2 com.sun.jna.Function.invoke(Ljava/lang/reflect/Method;[Ljava/lang/Class;Ljava/lang/Class;[Ljava/lang/Object;Ljava/util/Map;)Ljava/lang/Object; (548 bytes) @ 0x00007fbfcd22dc14 [0x00007fbfcd22d800+0x414]
J 454 C2 com.sun.jna.Library$Handler.invoke(Ljava/lang/Object;Ljava/lang/reflect/Method;[Ljava/lang/Object;)Ljava/lang/Object; (348 bytes) @ 0x00007fbfcd228e30 [0x00007fbfcd228aa0+0x390]
J 461% C2 Main$1.run()V (50 bytes) @ 0x00007fbfcd227298 [0x00007fbfcd227240+0x58]
j  java.lang.Thread.run()V+11
v  ~StubRoutines::call_stub

---------------  P R O C E S S  ---------------

Java Threads: ( => current thread )
  0x00007fbfa0001000 JavaThread "Attach Listener" daemon [_thread_blocked, id=5634, stack(0x00007fbfc8ddc000,0x00007fbfc8edd000)]
  0x00007fbfdc00c000 JavaThread "DestroyJavaVM" [_thread_blocked, id=5603, stack(0x00007fbfe193b000,0x00007fbfe1a3b000)]
=>0x00007fbfdc2ab800 JavaThread "Thread-0" [_thread_in_native, id=5633, stack(0x00007fbfc9364000,0x00007fbfc9465000)]
  0x00007fbfdc2a6000 JavaThread "Service Thread" daemon [_thread_blocked, id=5631, stack(0x00007fbfc9566000,0x00007fbfc9667000)]
  0x00007fbfdc2a2800 JavaThread "C1 CompilerThread2" daemon [_thread_blocked, id=5630, stack(0x00007fbfc9668000,0x00007fbfc9768000)]
  0x00007fbfdc2a0800 JavaThread "C2 CompilerThread1" daemon [_thread_blocked, id=5629, stack(0x00007fbfc9769000,0x00007fbfc9869000)]
  0x00007fbfdc29f000 JavaThread "C2 CompilerThread0" daemon [_thread_blocked, id=5628, stack(0x00007fbfc986a000,0x00007fbfc996a000)]
  0x00007fbfdc29d000 JavaThread "Monitor Ctrl-Break" daemon [_thread_in_native, id=5627, stack(0x00007fbfc996a000,0x00007fbfc9a6b000)]
  0x00007fbfdc17c800 JavaThread "Signal Dispatcher" daemon [_thread_blocked, id=5620, stack(0x00007fbfc9aec000,0x00007fbfc9bed000)]
  0x00007fbfdc14e800 JavaThread "Finalizer" daemon [_thread_blocked, id=5616, stack(0x00007fbfca15f000,0x00007fbfca260000)]
  0x00007fbfdc14a000 JavaThread "Reference Handler" daemon [_thread_blocked, id=5614, stack(0x00007fbfca260000,0x00007fbfca361000)]

Other Threads:
  0x00007fbfdc140000 VMThread [stack: 0x00007fbfca362000,0x00007fbfca462000] [id=5612]
  0x00007fbfdc2a8000 WatcherThread [stack: 0x00007fbfc9466000,0x00007fbfc9566000] [id=5632]

VM state:not at safepoint (normal execution)

VM Mutex/Monitor currently owned by a thread: None

heap address: 0x00000000c4e00000, size: 946 MB, Compressed Oops mode: 32-bit
Narrow klass base: 0x0000000000000000, Narrow klass shift: 3
Compressed class space size: 1073741824 Address: 0x0000000100000000

Heap:
 PSYoungGen      total 18944K, used 5529K [0x00000000ec500000, 0x00000000f3080000, 0x0000000100000000)
  eden space 18432K, 29% used [0x00000000ec500000,0x00000000eca66608,0x00000000ed700000)
  from space 512K, 0% used [0x00000000f2f80000,0x00000000f2f80000,0x00000000f3000000)
  to   space 512K, 0% used [0x00000000f3000000,0x00000000f3000000,0x00000000f3080000)
 ParOldGen       total 40960K, used 1216K [0x00000000c4e00000, 0x00000000c7600000, 0x00000000ec500000)
  object space 40960K, 2% used [0x00000000c4e00000,0x00000000c4f30090,0x00000000c7600000)
 Metaspace       used 6062K, capacity 6234K, committed 6400K, reserved 1056768K
  class space    used 668K, capacity 739K, committed 768K, reserved 1048576K

Card table byte_map: [0x00007fbfe1323000,0x00007fbfe14fd000] byte_map_base: 0x00007fbfe0cfc000

Marking Bits: (ParMarkBitMap*) 0x00007fbfe2ab43c0
 Begin Bits: [0x00007fbfcb270000, 0x00007fbfcc138000)
 End Bits:   [0x00007fbfcc138000, 0x00007fbfcd000000)

Polling page: 0x00007fbfe2d77000

CodeCache: size=245760Kb used=2225Kb max_used=2225Kb free=243534Kb
 bounds [0x00007fbfcd000000, 0x00007fbfcd270000, 0x00007fbfdc000000]
 total_blobs=774 nmethods=466 adapters=224
 compilation: enabled

Compilation events (10 events):
Event: 2,003 Thread 0x00007fbfdc2a0800  461 %     4       Main$1::run @ 44 (50 bytes)
Event: 2,007 Thread 0x00007fbfdc2a0800 nmethod 461% 0x00007fbfcd2270d0 code [0x00007fbfcd227240, 0x00007fbfcd227368]
Event: 2,136 Thread 0x00007fbfdc2a2800  462   !   3       java.lang.ref.Reference::tryHandlePending (115 bytes)
Event: 2,138 Thread 0x00007fbfdc2a2800 nmethod 462 0x00007fbfcd22c210 code [0x00007fbfcd22c440, 0x00007fbfcd22d0e8]
Event: 2,138 Thread 0x00007fbfdc2a2800  464   !   3       java.lang.ref.ReferenceQueue::enqueue (119 bytes)
Event: 2,143 Thread 0x00007fbfdc2a2800 nmethod 464 0x00007fbfcd219b90 code [0x00007fbfcd219d40, 0x00007fbfcd21a4a8]
Event: 2,143 Thread 0x00007fbfdc2a2800  465       3       sun.misc.VM::addFinalRefCount (24 bytes)
Event: 2,144 Thread 0x00007fbfdc2a2800 nmethod 465 0x00007fbfcd219810 code [0x00007fbfcd219980, 0x00007fbfcd219b30]
Event: 2,144 Thread 0x00007fbfdc2a2800  466   !   3       java.util.zip.ZipFile$ZipFileInputStream::close (110 bytes)
Event: 2,145 Thread 0x00007fbfdc2a2800 nmethod 466 0x00007fbfcd22b4d0 code [0x00007fbfcd22b680, 0x00007fbfcd22be98]

GC Heap History (10 events):
Event: 318,085 GC heap before
{Heap before GC invocations=503 (full 0):
 PSYoungGen      total 18944K, used 18432K [0x00000000ec500000, 0x00000000f3080000, 0x0000000100000000)
  eden space 18432K, 100% used [0x00000000ec500000,0x00000000ed700000,0x00000000ed700000)
  from space 512K, 0% used [0x00000000f3000000,0x00000000f3000000,0x00000000f3080000)
  to   space 512K, 0% used [0x00000000f2f80000,0x00000000f2f80000,0x00000000f3000000)
 ParOldGen       total 40960K, used 1216K [0x00000000c4e00000, 0x00000000c7600000, 0x00000000ec500000)
  object space 40960K, 2% used [0x00000000c4e00000,0x00000000c4f30090,0x00000000c7600000)
 Metaspace       used 6062K, capacity 6234K, committed 6400K, reserved 1056768K
  class space    used 668K, capacity 739K, committed 768K, reserved 1048576K
Event: 318,086 GC heap after
Heap after GC invocations=503 (full 0):
 PSYoungGen      total 18944K, used 0K [0x00000000ec500000, 0x00000000f3080000, 0x0000000100000000)
  eden space 18432K, 0% used [0x00000000ec500000,0x00000000ec500000,0x00000000ed700000)
  from space 512K, 0% used [0x00000000f2f80000,0x00000000f2f80000,0x00000000f3000000)
  to   space 512K, 0% used [0x00000000f3000000,0x00000000f3000000,0x00000000f3080000)
 ParOldGen       total 40960K, used 1216K [0x00000000c4e00000, 0x00000000c7600000, 0x00000000ec500000)
  object space 40960K, 2% used [0x00000000c4e00000,0x00000000c4f30090,0x00000000c7600000)
 Metaspace       used 6062K, capacity 6234K, committed 6400K, reserved 1056768K
  class space    used 668K, capacity 739K, committed 768K, reserved 1048576K
}
Event: 318,955 GC heap before
{Heap before GC invocations=504 (full 0):
 PSYoungGen      total 18944K, used 18432K [0x00000000ec500000, 0x00000000f3080000, 0x0000000100000000)
  eden space 18432K, 100% used [0x00000000ec500000,0x00000000ed700000,0x00000000ed700000)
  from space 512K, 0% used [0x00000000f2f80000,0x00000000f2f80000,0x00000000f3000000)
  to   space 512K, 0% used [0x00000000f3000000,0x00000000f3000000,0x00000000f3080000)
 ParOldGen       total 40960K, used 1216K [0x00000000c4e00000, 0x00000000c7600000, 0x00000000ec500000)
  object space 40960K, 2% used [0x00000000c4e00000,0x00000000c4f30090,0x00000000c7600000)
 Metaspace       used 6062K, capacity 6234K, committed 6400K, reserved 1056768K
  class space    used 668K, capacity 739K, committed 768K, reserved 1048576K
Event: 318,956 GC heap after
Heap after GC invocations=504 (full 0):
 PSYoungGen      total 18944K, used 0K [0x00000000ec500000, 0x00000000f3080000, 0x0000000100000000)
  eden space 18432K, 0% used [0x00000000ec500000,0x00000000ec500000,0x00000000ed700000)
  from space 512K, 0% used [0x00000000f3000000,0x00000000f3000000,0x00000000f3080000)
  to   space 512K, 0% used [0x00000000f2f80000,0x00000000f2f80000,0x00000000f3000000)
 ParOldGen       total 40960K, used 1216K [0x00000000c4e00000, 0x00000000c7600000, 0x00000000ec500000)
  object space 40960K, 2% used [0x00000000c4e00000,0x00000000c4f30090,0x00000000c7600000)
 Metaspace       used 6062K, capacity 6234K, committed 6400K, reserved 1056768K
  class space    used 668K, capacity 739K, committed 768K, reserved 1048576K
}
Event: 319,623 GC heap before
{Heap before GC invocations=505 (full 0):
 PSYoungGen      total 18944K, used 18432K [0x00000000ec500000, 0x00000000f3080000, 0x0000000100000000)
  eden space 18432K, 100% used [0x00000000ec500000,0x00000000ed700000,0x00000000ed700000)
  from space 512K, 0% used [0x00000000f3000000,0x00000000f3000000,0x00000000f3080000)
  to   space 512K, 0% used [0x00000000f2f80000,0x00000000f2f80000,0x00000000f3000000)
 ParOldGen       total 40960K, used 1216K [0x00000000c4e00000, 0x00000000c7600000, 0x00000000ec500000)
  object space 40960K, 2% used [0x00000000c4e00000,0x00000000c4f30090,0x00000000c7600000)
 Metaspace       used 6062K, capacity 6234K, committed 6400K, reserved 1056768K
  class space    used 668K, capacity 739K, committed 768K, reserved 1048576K
Event: 319,628 GC heap after
Heap after GC invocations=505 (full 0):
 PSYoungGen      total 18944K, used 0K [0x00000000ec500000, 0x00000000f3080000, 0x0000000100000000)
  eden space 18432K, 0% used [0x00000000ec500000,0x00000000ec500000,0x00000000ed700000)
  from space 512K, 0% used [0x00000000f2f80000,0x00000000f2f80000,0x00000000f3000000)
  to   space 512K, 0% used [0x00000000f3000000,0x00000000f3000000,0x00000000f3080000)
 ParOldGen       total 40960K, used 1216K [0x00000000c4e00000, 0x00000000c7600000, 0x00000000ec500000)
  object space 40960K, 2% used [0x00000000c4e00000,0x00000000c4f30090,0x00000000c7600000)
 Metaspace       used 6062K, capacity 6234K, committed 6400K, reserved 1056768K
  class space    used 668K, capacity 739K, committed 768K, reserved 1048576K
}
Event: 320,339 GC heap before
{Heap before GC invocations=506 (full 0):
 PSYoungGen      total 18944K, used 18432K [0x00000000ec500000, 0x00000000f3080000, 0x0000000100000000)
  eden space 18432K, 100% used [0x00000000ec500000,0x00000000ed700000,0x00000000ed700000)
  from space 512K, 0% used [0x00000000f2f80000,0x00000000f2f80000,0x00000000f3000000)
  to   space 512K, 0% used [0x00000000f3000000,0x00000000f3000000,0x00000000f3080000)
 ParOldGen       total 40960K, used 1216K [0x00000000c4e00000, 0x00000000c7600000, 0x00000000ec500000)
  object space 40960K, 2% used [0x00000000c4e00000,0x00000000c4f30090,0x00000000c7600000)
 Metaspace       used 6062K, capacity 6234K, committed 6400K, reserved 1056768K
  class space    used 668K, capacity 739K, committed 768K, reserved 1048576K
Event: 320,341 GC heap after
Heap after GC invocations=506 (full 0):
 PSYoungGen      total 18944K, used 0K [0x00000000ec500000, 0x00000000f3080000, 0x0000000100000000)
  eden space 18432K, 0% used [0x00000000ec500000,0x00000000ec500000,0x00000000ed700000)
  from space 512K, 0% used [0x00000000f3000000,0x00000000f3000000,0x00000000f3080000)
  to   space 512K, 0% used [0x00000000f2f80000,0x00000000f2f80000,0x00000000f3000000)
 ParOldGen       total 40960K, used 1216K [0x00000000c4e00000, 0x00000000c7600000, 0x00000000ec500000)
  object space 40960K, 2% used [0x00000000c4e00000,0x00000000c4f30090,0x00000000c7600000)
 Metaspace       used 6062K, capacity 6234K, committed 6400K, reserved 1056768K
  class space    used 668K, capacity 739K, committed 768K, reserved 1048576K
}
Event: 321,472 GC heap before
{Heap before GC invocations=507 (full 0):
 PSYoungGen      total 18944K, used 18432K [0x00000000ec500000, 0x00000000f3080000, 0x0000000100000000)
  eden space 18432K, 100% used [0x00000000ec500000,0x00000000ed700000,0x00000000ed700000)
  from space 512K, 0% used [0x00000000f3000000,0x00000000f3000000,0x00000000f3080000)
  to   space 512K, 0% used [0x00000000f2f80000,0x00000000f2f80000,0x00000000f3000000)
 ParOldGen       total 40960K, used 1216K [0x00000000c4e00000, 0x00000000c7600000, 0x00000000ec500000)
  object space 40960K, 2% used [0x00000000c4e00000,0x00000000c4f30090,0x00000000c7600000)
 Metaspace       used 6062K, capacity 6234K, committed 6400K, reserved 1056768K
  class space    used 668K, capacity 739K, committed 768K, reserved 1048576K
Event: 321,485 GC heap after
Heap after GC invocations=507 (full 0):
 PSYoungGen      total 18944K, used 0K [0x00000000ec500000, 0x00000000f3080000, 0x0000000100000000)
  eden space 18432K, 0% used [0x00000000ec500000,0x00000000ec500000,0x00000000ed700000)
  from space 512K, 0% used [0x00000000f2f80000,0x00000000f2f80000,0x00000000f3000000)
  to   space 512K, 0% used [0x00000000f3000000,0x00000000f3000000,0x00000000f3080000)
 ParOldGen       total 40960K, used 1216K [0x00000000c4e00000, 0x00000000c7600000, 0x00000000ec500000)
  object space 40960K, 2% used [0x00000000c4e00000,0x00000000c4f30090,0x00000000c7600000)
 Metaspace       used 6062K, capacity 6234K, committed 6400K, reserved 1056768K
  class space    used 668K, capacity 739K, committed 768K, reserved 1048576K
}

Deoptimization events (3 events):
Event: 1,461 Thread 0x00007fbfdc2ab800 Uncommon trap: reason=unstable_if action=reinterpret pc=0x00007fbfcd1c87f8 method=java.lang.String.replace(CC)Ljava/lang/String; @ 26
Event: 1,900 Thread 0x00007fbfdc2ab800 Uncommon trap: reason=null_check action=make_not_entrant pc=0x00007fbfcd21bda4 method=com.sun.jna.Function.invoke(Ljava/lang/reflect/Method;[Ljava/lang/Class;Ljava/lang/Class;[Ljava/lang/Object;Ljava/util/Map;)Ljava/lang/Object; @ 207
Event: 2,140 Thread 0x00007fbfdc14e800 Uncommon trap: reason=unstable_if action=reinterpret pc=0x00007fbfcd2177bc method=java.lang.ref.ReferenceQueue.poll()Ljava/lang/ref/Reference; @ 4

Classes redefined (0 events):
No events

Internal exceptions (10 events):
Event: 0,430 Thread 0x00007fbfdc00c000 Exception <a 'java/security/PrivilegedActionException'> (0x00000000ec5759c8) thrown at [/build/openjdk-8-t6clUj/openjdk-8-8u252-b09/src/hotspot/src/share/vm/prims/jvm.cpp, line 1500]
Event: 0,430 Thread 0x00007fbfdc00c000 Exception <a 'java/security/PrivilegedActionException'> (0x00000000ec575bd8) thrown at [/build/openjdk-8-t6clUj/openjdk-8-8u252-b09/src/hotspot/src/share/vm/prims/jvm.cpp, line 1500]
Event: 0,817 Thread 0x00007fbfdc2ab800 Exception <a 'java/security/PrivilegedActionException'> (0x00000000ec8936e8) thrown at [/build/openjdk-8-t6clUj/openjdk-8-8u252-b09/src/hotspot/src/share/vm/prims/jvm.cpp, line 1500]
Event: 0,817 Thread 0x00007fbfdc2ab800 Exception <a 'java/security/PrivilegedActionException'> (0x00000000ec8938f8) thrown at [/build/openjdk-8-t6clUj/openjdk-8-8u252-b09/src/hotspot/src/share/vm/prims/jvm.cpp, line 1500]
Event: 0,818 Thread 0x00007fbfdc2ab800 Exception <a 'java/security/PrivilegedActionException'> (0x00000000ec895980) thrown at [/build/openjdk-8-t6clUj/openjdk-8-8u252-b09/src/hotspot/src/share/vm/prims/jvm.cpp, line 1500]
Event: 0,818 Thread 0x00007fbfdc2ab800 Exception <a 'java/security/PrivilegedActionException'> (0x00000000ec895b90) thrown at [/build/openjdk-8-t6clUj/openjdk-8-8u252-b09/src/hotspot/src/share/vm/prims/jvm.cpp, line 1500]
Event: 0,818 Thread 0x00007fbfdc2ab800 Exception <a 'java/security/PrivilegedActionException'> (0x00000000ec896668) thrown at [/build/openjdk-8-t6clUj/openjdk-8-8u252-b09/src/hotspot/src/share/vm/prims/jvm.cpp, line 1500]
Event: 0,819 Thread 0x00007fbfdc2ab800 Exception <a 'java/security/PrivilegedActionException'> (0x00000000ec896878) thrown at [/build/openjdk-8-t6clUj/openjdk-8-8u252-b09/src/hotspot/src/share/vm/prims/jvm.cpp, line 1500]
Event: 1,308 Thread 0x00007fbfdc2ab800 Exception <a 'java/lang/NoSuchFieldError': method resolution failed> (0x00000000ecb53ee0) thrown at [/build/openjdk-8-t6clUj/openjdk-8-8u252-b09/src/hotspot/src/share/vm/prims/methodHandles.cpp, line 1167]
Event: 1,333 Thread 0x00007fbfdc2ab800 Exception <a 'java/lang/NoSuchFieldError': method resolution failed> (0x00000000ecb61f08) thrown at [/build/openjdk-8-t6clUj/openjdk-8-8u252-b09/src/hotspot/src/share/vm/prims/methodHandles.cpp, line 1167]

Events (10 events):
Event: 318,084 Executing VM operation: ParallelGCFailedAllocation
Event: 318,087 Executing VM operation: ParallelGCFailedAllocation done
Event: 318,955 Executing VM operation: ParallelGCFailedAllocation
Event: 318,957 Executing VM operation: ParallelGCFailedAllocation done
Event: 319,623 Executing VM operation: ParallelGCFailedAllocation
Event: 319,628 Executing VM operation: ParallelGCFailedAllocation done
Event: 320,339 Executing VM operation: ParallelGCFailedAllocation
Event: 320,341 Executing VM operation: ParallelGCFailedAllocation done
Event: 321,472 Executing VM operation: ParallelGCFailedAllocation
Event: 321,485 Executing VM operation: ParallelGCFailedAllocation done


Dynamic libraries:
c4e00000-c7600000 rw-p 00000000 00:00 0 
c7600000-ec500000 ---p 00000000 00:00 0 
ec500000-f3080000 rw-p 00000000 00:00 0 
f3080000-100000000 ---p 00000000 00:00 0 
100000000-1000c0000 rw-p 00000000 00:00 0 
1000c0000-140000000 ---p 00000000 00:00 0 
55673fb59000-55673fb5a000 r--p 00000000 08:05 3018076                    /usr/lib/jvm/java-8-openjdk-amd64/jre/bin/java
55673fb5a000-55673fb5b000 r-xp 00001000 08:05 3018076                    /usr/lib/jvm/java-8-openjdk-amd64/jre/bin/java
55673fb5b000-55673fb5c000 r--p 00002000 08:05 3018076                    /usr/lib/jvm/java-8-openjdk-amd64/jre/bin/java
55673fb5c000-55673fb5d000 r--p 00002000 08:05 3018076                    /usr/lib/jvm/java-8-openjdk-amd64/jre/bin/java
55673fb5d000-55673fb5e000 rw-p 00003000 08:05 3018076                    /usr/lib/jvm/java-8-openjdk-amd64/jre/bin/java
5567406e3000-556740704000 rw-p 00000000 00:00 0                          [heap]
7fbf80000000-7fbf80022000 rw-p 00000000 00:00 0 
7fbf80022000-7fbf84000000 ---p 00000000 00:00 0 
7fbf84000000-7fbf84021000 rw-p 00000000 00:00 0 
7fbf84021000-7fbf88000000 ---p 00000000 00:00 0 
7fbf88000000-7fbf88021000 rw-p 00000000 00:00 0 
7fbf88021000-7fbf8c000000 ---p 00000000 00:00 0 
7fbf8c000000-7fbf8c0a8000 rw-p 00000000 00:00 0 
7fbf8c0a8000-7fbf90000000 ---p 00000000 00:00 0 
7fbf90000000-7fbf900e0000 rw-p 00000000 00:00 0 
7fbf900e0000-7fbf94000000 ---p 00000000 00:00 0 
7fbf94000000-7fbf94021000 rw-p 00000000 00:00 0 
7fbf94021000-7fbf98000000 ---p 00000000 00:00 0 
7fbf98000000-7fbf98123000 rw-p 00000000 00:00 0 
7fbf98123000-7fbf9c000000 ---p 00000000 00:00 0 
7fbf9c000000-7fbf9c2a5000 rw-p 00000000 00:00 0 
7fbf9c2a5000-7fbfa0000000 ---p 00000000 00:00 0 
7fbfa0000000-7fbfa0021000 rw-p 00000000 00:00 0 
7fbfa0021000-7fbfa4000000 ---p 00000000 00:00 0 
7fbfa4000000-7fbfa404c000 rw-p 00000000 00:00 0 
7fbfa404c000-7fbfa8000000 ---p 00000000 00:00 0 
7fbfa8000000-7fbfa8021000 rw-p 00000000 00:00 0 
7fbfa8021000-7fbfac000000 ---p 00000000 00:00 0 
7fbfac000000-7fbfac021000 rw-p 00000000 00:00 0 
7fbfac021000-7fbfb0000000 ---p 00000000 00:00 0 
7fbfb0000000-7fbfb0021000 rw-p 00000000 00:00 0 
7fbfb0021000-7fbfb4000000 ---p 00000000 00:00 0 
7fbfb4000000-7fbfb4021000 rw-p 00000000 00:00 0 
7fbfb4021000-7fbfb8000000 ---p 00000000 00:00 0 
7fbfb8000000-7fbfb8021000 rw-p 00000000 00:00 0 
7fbfb8021000-7fbfbc000000 ---p 00000000 00:00 0 
7fbfbc000000-7fbfbc021000 rw-p 00000000 00:00 0 
7fbfbc021000-7fbfc0000000 ---p 00000000 00:00 0 
7fbfc4000000-7fbfc4021000 rw-p 00000000 00:00 0 
7fbfc4021000-7fbfc8000000 ---p 00000000 00:00 0 
7fbfc85a2000-7fbfc85a3000 ---p 00000000 00:00 0 
7fbfc85a3000-7fbfc8da3000 rw-p 00000000 00:00 0 
7fbfc8da3000-7fbfc8da6000 ---p 00000000 00:00 0 
7fbfc8da6000-7fbfc8ddc000 rw-p 00000000 00:00 0 
7fbfc8ddc000-7fbfc8ddf000 ---p 00000000 00:00 0 
7fbfc8ddf000-7fbfc8edd000 rw-p 00000000 00:00 0 
7fbfc8edd000-7fbfc8f0e000 r-xp 00000000 08:05 2239122                    /home/tiago/.discord-rpc/libdiscord-rpc.so
7fbfc8f0e000-7fbfc910d000 ---p 00031000 08:05 2239122                    /home/tiago/.discord-rpc/libdiscord-rpc.so
7fbfc910d000-7fbfc910e000 r--p 00030000 08:05 2239122                    /home/tiago/.discord-rpc/libdiscord-rpc.so
7fbfc910e000-7fbfc9110000 rw-p 00031000 08:05 2239122                    /home/tiago/.discord-rpc/libdiscord-rpc.so
7fbfc9110000-7fbfc9146000 rw-p 00000000 00:00 0 
7fbfc9146000-7fbfc915e000 r-xp 00000000 08:05 655655                     /tmp/jna-110353012/jna1980077255574709507.tmp (deleted)
7fbfc915e000-7fbfc935e000 ---p 00018000 08:05 655655                     /tmp/jna-110353012/jna1980077255574709507.tmp (deleted)
7fbfc935e000-7fbfc935f000 rw-p 00018000 08:05 655655                     /tmp/jna-110353012/jna1980077255574709507.tmp (deleted)
7fbfc935f000-7fbfc9364000 r--s 000a7000 08:05 3018921                    /usr/lib/jvm/java-8-openjdk-amd64/jre/lib/jsse.jar
7fbfc9364000-7fbfc9367000 ---p 00000000 00:00 0 
7fbfc9367000-7fbfc9465000 rw-p 00000000 00:00 0 
7fbfc9465000-7fbfc9466000 ---p 00000000 00:00 0 
7fbfc9466000-7fbfc9566000 rw-p 00000000 00:00 0 
7fbfc9566000-7fbfc9569000 ---p 00000000 00:00 0 
7fbfc9569000-7fbfc9667000 rw-p 00000000 00:00 0 
7fbfc9667000-7fbfc9668000 ---p 00000000 00:00 0 
7fbfc9668000-7fbfc966b000 ---p 00000000 00:00 0 
7fbfc966b000-7fbfc9768000 rw-p 00000000 00:00 0 
7fbfc9768000-7fbfc9769000 ---p 00000000 00:00 0 
7fbfc9769000-7fbfc976c000 ---p 00000000 00:00 0 
7fbfc976c000-7fbfc9869000 rw-p 00000000 00:00 0 
7fbfc9869000-7fbfc986a000 ---p 00000000 00:00 0 
7fbfc986a000-7fbfc986d000 ---p 00000000 00:00 0 
7fbfc986d000-7fbfc996a000 rw-p 00000000 00:00 0 
7fbfc996a000-7fbfc996d000 ---p 00000000 00:00 0 
7fbfc996d000-7fbfc9a6b000 rw-p 00000000 00:00 0 
7fbfc9a6b000-7fbfc9a6f000 r--p 00000000 08:05 3018421                    /usr/lib/jvm/java-8-openjdk-amd64/jre/lib/amd64/libnet.so
7fbfc9a6f000-7fbfc9a80000 r-xp 00004000 08:05 3018421                    /usr/lib/jvm/java-8-openjdk-amd64/jre/lib/amd64/libnet.so
7fbfc9a80000-7fbfc9a84000 r--p 00015000 08:05 3018421                    /usr/lib/jvm/java-8-openjdk-amd64/jre/lib/amd64/libnet.so
7fbfc9a84000-7fbfc9a85000 r--p 00018000 08:05 3018421                    /usr/lib/jvm/java-8-openjdk-amd64/jre/lib/amd64/libnet.so
7fbfc9a85000-7fbfc9a86000 rw-p 00019000 08:05 3018421                    /usr/lib/jvm/java-8-openjdk-amd64/jre/lib/amd64/libnet.so
7fbfc9a86000-7fbfc9a8d000 r--p 00000000 08:05 3018422                    /usr/lib/jvm/java-8-openjdk-amd64/jre/lib/amd64/libnio.so
7fbfc9a8d000-7fbfc9a96000 r-xp 00007000 08:05 3018422                    /usr/lib/jvm/java-8-openjdk-amd64/jre/lib/amd64/libnio.so
7fbfc9a96000-7fbfc9a99000 r--p 00010000 08:05 3018422                    /usr/lib/jvm/java-8-openjdk-amd64/jre/lib/amd64/libnio.so
7fbfc9a99000-7fbfc9a9a000 r--p 00012000 08:05 3018422                    /usr/lib/jvm/java-8-openjdk-amd64/jre/lib/amd64/libnio.so
7fbfc9a9a000-7fbfc9a9b000 rw-p 00013000 08:05 3018422                    /usr/lib/jvm/java-8-openjdk-amd64/jre/lib/amd64/libnio.so
7fbfc9a9b000-7fbfc9a9e000 r--s 0001a000 08:05 293556                     /opt/idea/lib/idea_rt.jar
7fbfc9a9e000-7fbfc9aa3000 r--s 001f4000 08:05 1340844                    /home/tiago/discord-rpc-1.6.2.jar
7fbfc9aa3000-7fbfc9ab6000 r--s 00346000 08:05 3018925                    /usr/lib/jvm/java-8-openjdk-amd64/jre/lib/resources.jar
7fbfc9ab6000-7fbfc9ad1000 r--s 001d6000 08:05 3018912                    /usr/lib/jvm/java-8-openjdk-amd64/jre/lib/ext/nashorn.jar
7fbfc9ad1000-7fbfc9aec000 r--s 00394000 08:05 3018907                    /usr/lib/jvm/java-8-openjdk-amd64/jre/lib/ext/cldrdata.jar
7fbfc9aec000-7fbfc9aef000 ---p 00000000 00:00 0 
7fbfc9aef000-7fbfc9bed000 rw-p 00000000 00:00 0 
7fbfc9bed000-7fbfca15f000 r--p 00000000 08:05 2621918                    /usr/lib/locale/locale-archive
7fbfca15f000-7fbfca162000 ---p 00000000 00:00 0 
7fbfca162000-7fbfca260000 rw-p 00000000 00:00 0 
7fbfca260000-7fbfca263000 ---p 00000000 00:00 0 
7fbfca263000-7fbfca361000 rw-p 00000000 00:00 0 
7fbfca361000-7fbfca362000 ---p 00000000 00:00 0 
7fbfca362000-7fbfcd000000 rw-p 00000000 00:00 0 
7fbfcd000000-7fbfcd270000 rwxp 00000000 00:00 0 
7fbfcd270000-7fbfdc000000 ---p 00000000 00:00 0 
7fbfdc000000-7fbfdc2b0000 rw-p 00000000 00:00 0 
7fbfdc2b0000-7fbfe0000000 ---p 00000000 00:00 0 
7fbfe0000000-7fbfe0001000 r--s 00000000 08:05 3018923                    /usr/lib/jvm/java-8-openjdk-amd64/jre/lib/management-agent.jar
7fbfe0001000-7fbfe0006000 r--s 000a7000 08:05 3018921                    /usr/lib/jvm/java-8-openjdk-amd64/jre/lib/jsse.jar
7fbfe0006000-7fbfe0008000 r--s 00016000 08:05 3018919                    /usr/lib/jvm/java-8-openjdk-amd64/jre/lib/jce.jar
7fbfe0008000-7fbfe000a000 r--s 0000c000 08:05 3414163                    /usr/share/java/java-atk-wrapper.jar
7fbfe000a000-7fbfe000f000 r--s 002f9000 08:05 3018565                    /usr/lib/jvm/java-8-openjdk-amd64/jre/lib/charsets.jar
7fbfe000f000-7fbfe0012000 r--s 0000f000 08:05 3018909                    /usr/lib/jvm/java-8-openjdk-amd64/jre/lib/ext/icedtea-sound.jar
7fbfe0012000-7fbfe0014000 r--s 00001000 08:05 3018908                    /usr/lib/jvm/java-8-openjdk-amd64/jre/lib/ext/dnsns.jar
7fbfe0014000-7fbfe0018000 r--s 0003a000 08:05 3018915                    /usr/lib/jvm/java-8-openjdk-amd64/jre/lib/ext/sunpkcs11.jar
7fbfe0018000-7fbfe0167000 rw-p 00000000 00:00 0 
7fbfe0167000-7fbfe0339000 r--s 03ca5000 08:05 3018926                    /usr/lib/jvm/java-8-openjdk-amd64/jre/lib/rt.jar
7fbfe0339000-7fbfe098a000 rw-p 00000000 00:00 0 
7fbfe098a000-7fbfe0c0a000 ---p 00000000 00:00 0 
7fbfe0c0a000-7fbfe0de3000 rw-p 00000000 00:00 0 
7fbfe0de3000-7fbfe0de4000 ---p 00000000 00:00 0 
7fbfe0de4000-7fbfe0ee4000 rw-p 00000000 00:00 0 
7fbfe0ee4000-7fbfe0ee5000 ---p 00000000 00:00 0 
7fbfe0ee5000-7fbfe0fe5000 rw-p 00000000 00:00 0 
7fbfe0fe5000-7fbfe0fe6000 ---p 00000000 00:00 0 
7fbfe0fe6000-7fbfe10e6000 rw-p 00000000 00:00 0 
7fbfe10e6000-7fbfe10e7000 ---p 00000000 00:00 0 
7fbfe10e7000-7fbfe11fb000 rw-p 00000000 00:00 0 
7fbfe11fb000-7fbfe1323000 ---p 00000000 00:00 0 
7fbfe1323000-7fbfe1337000 rw-p 00000000 00:00 0 
7fbfe1337000-7fbfe145e000 ---p 00000000 00:00 0 
7fbfe145e000-7fbfe1495000 rw-p 00000000 00:00 0 
7fbfe1495000-7fbfe14fc000 ---p 00000000 00:00 0 
7fbfe14fc000-7fbfe1507000 rw-p 00000000 00:00 0 
7fbfe1507000-7fbfe18bd000 ---p 00000000 00:00 0 
7fbfe18bd000-7fbfe18c0000 r--p 00000000 08:05 2625147                    /usr/lib/x86_64-linux-gnu/libnss_files-2.30.so
7fbfe18c0000-7fbfe18c7000 r-xp 00003000 08:05 2625147                    /usr/lib/x86_64-linux-gnu/libnss_files-2.30.so
7fbfe18c7000-7fbfe18c9000 r--p 0000a000 08:05 2625147                    /usr/lib/x86_64-linux-gnu/libnss_files-2.30.so
7fbfe18c9000-7fbfe18ca000 r--p 0000b000 08:05 2625147                    /usr/lib/x86_64-linux-gnu/libnss_files-2.30.so
7fbfe18ca000-7fbfe18cb000 rw-p 0000c000 08:05 2625147                    /usr/lib/x86_64-linux-gnu/libnss_files-2.30.so
7fbfe18cb000-7fbfe18d1000 rw-p 00000000 00:00 0 
7fbfe18d1000-7fbfe18d7000 r--s 0003d000 08:05 3018914                    /usr/lib/jvm/java-8-openjdk-amd64/jre/lib/ext/sunjce_provider.jar
7fbfe18d7000-7fbfe18e1000 r--s 00116000 08:05 3018911                    /usr/lib/jvm/java-8-openjdk-amd64/jre/lib/ext/localedata.jar
7fbfe18e1000-7fbfe18f4000 rw-p 00000000 00:00 0 
7fbfe18f4000-7fbfe18f7000 r--p 00000000 08:05 3018431                    /usr/lib/jvm/java-8-openjdk-amd64/jre/lib/amd64/libzip.so
7fbfe18f7000-7fbfe18fc000 r-xp 00003000 08:05 3018431                    /usr/lib/jvm/java-8-openjdk-amd64/jre/lib/amd64/libzip.so
7fbfe18fc000-7fbfe18fe000 r--p 00008000 08:05 3018431                    /usr/lib/jvm/java-8-openjdk-amd64/jre/lib/amd64/libzip.so
7fbfe18fe000-7fbfe18ff000 r--p 00009000 08:05 3018431                    /usr/lib/jvm/java-8-openjdk-amd64/jre/lib/amd64/libzip.so
7fbfe18ff000-7fbfe1900000 rw-p 0000a000 08:05 3018431                    /usr/lib/jvm/java-8-openjdk-amd64/jre/lib/amd64/libzip.so
7fbfe1900000-7fbfe190d000 r--p 00000000 08:05 3018410                    /usr/lib/jvm/java-8-openjdk-amd64/jre/lib/amd64/libjava.so
7fbfe190d000-7fbfe1925000 r-xp 0000d000 08:05 3018410                    /usr/lib/jvm/java-8-openjdk-amd64/jre/lib/amd64/libjava.so
7fbfe1925000-7fbfe192c000 r--p 00025000 08:05 3018410                    /usr/lib/jvm/java-8-openjdk-amd64/jre/lib/amd64/libjava.so
7fbfe192c000-7fbfe192d000 r--p 0002b000 08:05 3018410                    /usr/lib/jvm/java-8-openjdk-amd64/jre/lib/amd64/libjava.so
7fbfe192d000-7fbfe192f000 rw-p 0002c000 08:05 3018410                    /usr/lib/jvm/java-8-openjdk-amd64/jre/lib/amd64/libjava.so
7fbfe192f000-7fbfe1932000 r--p 00000000 08:05 2625154                    /usr/lib/x86_64-linux-gnu/librt-2.30.so
7fbfe1932000-7fbfe1936000 r-xp 00003000 08:05 2625154                    /usr/lib/x86_64-linux-gnu/librt-2.30.so
7fbfe1936000-7fbfe1938000 r--p 00007000 08:05 2625154                    /usr/lib/x86_64-linux-gnu/librt-2.30.so
7fbfe1938000-7fbfe1939000 r--p 00008000 08:05 2625154                    /usr/lib/x86_64-linux-gnu/librt-2.30.so
7fbfe1939000-7fbfe193a000 rw-p 00009000 08:05 2625154                    /usr/lib/x86_64-linux-gnu/librt-2.30.so
7fbfe193a000-7fbfe193b000 ---p 00000000 00:00 0 
7fbfe193b000-7fbfe193e000 ---p 00000000 00:00 0 
7fbfe193e000-7fbfe1a3b000 rw-p 00000000 00:00 0 
7fbfe1a3b000-7fbfe1a3e000 r--p 00000000 08:05 2629689                    /usr/lib/x86_64-linux-gnu/libgcc_s.so.1
7fbfe1a3e000-7fbfe1a4f000 r-xp 00003000 08:05 2629689                    /usr/lib/x86_64-linux-gnu/libgcc_s.so.1
7fbfe1a4f000-7fbfe1a53000 r--p 00014000 08:05 2629689                    /usr/lib/x86_64-linux-gnu/libgcc_s.so.1
7fbfe1a53000-7fbfe1a54000 r--p 00017000 08:05 2629689                    /usr/lib/x86_64-linux-gnu/libgcc_s.so.1
7fbfe1a54000-7fbfe1a55000 rw-p 00018000 08:05 2629689                    /usr/lib/x86_64-linux-gnu/libgcc_s.so.1
7fbfe1a55000-7fbfe1a64000 r--p 00000000 08:05 2625141                    /usr/lib/x86_64-linux-gnu/libm-2.30.so
7fbfe1a64000-7fbfe1b0b000 r-xp 0000f000 08:05 2625141                    /usr/lib/x86_64-linux-gnu/libm-2.30.so
7fbfe1b0b000-7fbfe1ba2000 r--p 000b6000 08:05 2625141                    /usr/lib/x86_64-linux-gnu/libm-2.30.so
7fbfe1ba2000-7fbfe1ba3000 r--p 0014c000 08:05 2625141                    /usr/lib/x86_64-linux-gnu/libm-2.30.so
7fbfe1ba3000-7fbfe1ba4000 rw-p 0014d000 08:05 2625141                    /usr/lib/x86_64-linux-gnu/libm-2.30.so
7fbfe1ba4000-7fbfe1c3a000 r--p 00000000 08:05 2630493                    /usr/lib/x86_64-linux-gnu/libstdc++.so.6.0.28
7fbfe1c3a000-7fbfe1d37000 r-xp 00096000 08:05 2630493                    /usr/lib/x86_64-linux-gnu/libstdc++.so.6.0.28
7fbfe1d37000-7fbfe1d81000 r--p 00193000 08:05 2630493                    /usr/lib/x86_64-linux-gnu/libstdc++.so.6.0.28
7fbfe1d81000-7fbfe1d8c000 r--p 001dc000 08:05 2630493                    /usr/lib/x86_64-linux-gnu/libstdc++.so.6.0.28
7fbfe1d8c000-7fbfe1d8f000 rw-p 001e7000 08:05 2630493                    /usr/lib/x86_64-linux-gnu/libstdc++.so.6.0.28
7fbfe1d8f000-7fbfe1d92000 rw-p 00000000 00:00 0 
7fbfe1d92000-7fbfe1f82000 r--p 00000000 08:05 3018563                    /usr/lib/jvm/java-8-openjdk-amd64/jre/lib/amd64/server/libjvm.so
7fbfe1f82000-7fbfe2846000 r-xp 001f0000 08:05 3018563                    /usr/lib/jvm/java-8-openjdk-amd64/jre/lib/amd64/server/libjvm.so
7fbfe2846000-7fbfe29e3000 r--p 00ab4000 08:05 3018563                    /usr/lib/jvm/java-8-openjdk-amd64/jre/lib/amd64/server/libjvm.so
7fbfe29e3000-7fbfe29e4000 ---p 00c51000 08:05 3018563                    /usr/lib/jvm/java-8-openjdk-amd64/jre/lib/amd64/server/libjvm.so
7fbfe29e4000-7fbfe2a78000 r--p 00c51000 08:05 3018563                    /usr/lib/jvm/java-8-openjdk-amd64/jre/lib/amd64/server/libjvm.so
7fbfe2a78000-7fbfe2aa1000 rw-p 00ce5000 08:05 3018563                    /usr/lib/jvm/java-8-openjdk-amd64/jre/lib/amd64/server/libjvm.so
7fbfe2aa1000-7fbfe2ad3000 rw-p 00000000 00:00 0 
7fbfe2ad3000-7fbfe2ada000 r--p 00000000 08:05 2625152                    /usr/lib/x86_64-linux-gnu/libpthread-2.30.so
7fbfe2ada000-7fbfe2aeb000 r-xp 00007000 08:05 2625152                    /usr/lib/x86_64-linux-gnu/libpthread-2.30.so
7fbfe2aeb000-7fbfe2af0000 r--p 00018000 08:05 2625152                    /usr/lib/x86_64-linux-gnu/libpthread-2.30.so
7fbfe2af0000-7fbfe2af1000 r--p 0001c000 08:05 2625152                    /usr/lib/x86_64-linux-gnu/libpthread-2.30.so
7fbfe2af1000-7fbfe2af2000 rw-p 0001d000 08:05 2625152                    /usr/lib/x86_64-linux-gnu/libpthread-2.30.so
7fbfe2af2000-7fbfe2af6000 rw-p 00000000 00:00 0 
7fbfe2af6000-7fbfe2af7000 r--p 00000000 08:05 2625140                    /usr/lib/x86_64-linux-gnu/libdl-2.30.so
7fbfe2af7000-7fbfe2af9000 r-xp 00001000 08:05 2625140                    /usr/lib/x86_64-linux-gnu/libdl-2.30.so
7fbfe2af9000-7fbfe2afa000 r--p 00003000 08:05 2625140                    /usr/lib/x86_64-linux-gnu/libdl-2.30.so
7fbfe2afa000-7fbfe2afb000 r--p 00003000 08:05 2625140                    /usr/lib/x86_64-linux-gnu/libdl-2.30.so
7fbfe2afb000-7fbfe2afc000 rw-p 00004000 08:05 2625140                    /usr/lib/x86_64-linux-gnu/libdl-2.30.so
7fbfe2afc000-7fbfe2afe000 r--p 00000000 08:05 2630745                    /usr/lib/x86_64-linux-gnu/libz.so.1.2.11
7fbfe2afe000-7fbfe2b0f000 r-xp 00002000 08:05 2630745                    /usr/lib/x86_64-linux-gnu/libz.so.1.2.11
7fbfe2b0f000-7fbfe2b15000 r--p 00013000 08:05 2630745                    /usr/lib/x86_64-linux-gnu/libz.so.1.2.11
7fbfe2b15000-7fbfe2b16000 ---p 00019000 08:05 2630745                    /usr/lib/x86_64-linux-gnu/libz.so.1.2.11
7fbfe2b16000-7fbfe2b17000 r--p 00019000 08:05 2630745                    /usr/lib/x86_64-linux-gnu/libz.so.1.2.11
7fbfe2b17000-7fbfe2b18000 rw-p 0001a000 08:05 2630745                    /usr/lib/x86_64-linux-gnu/libz.so.1.2.11
7fbfe2b18000-7fbfe2b3d000 r--p 00000000 08:05 2625138                    /usr/lib/x86_64-linux-gnu/libc-2.30.so
7fbfe2b3d000-7fbfe2cb5000 r-xp 00025000 08:05 2625138                    /usr/lib/x86_64-linux-gnu/libc-2.30.so
7fbfe2cb5000-7fbfe2cff000 r--p 0019d000 08:05 2625138                    /usr/lib/x86_64-linux-gnu/libc-2.30.so
7fbfe2cff000-7fbfe2d02000 r--p 001e6000 08:05 2625138                    /usr/lib/x86_64-linux-gnu/libc-2.30.so
7fbfe2d02000-7fbfe2d05000 rw-p 001e9000 08:05 2625138                    /usr/lib/x86_64-linux-gnu/libc-2.30.so
7fbfe2d05000-7fbfe2d09000 rw-p 00000000 00:00 0 
7fbfe2d09000-7fbfe2d0a000 r--s 0000d000 08:05 3018913                    /usr/lib/jvm/java-8-openjdk-amd64/jre/lib/ext/sunec.jar
7fbfe2d0a000-7fbfe2d0b000 r--s 0000a000 08:05 3018910                    /usr/lib/jvm/java-8-openjdk-amd64/jre/lib/ext/jaccess.jar
7fbfe2d0b000-7fbfe2d0c000 r--s 00010000 08:05 3018916                    /usr/lib/jvm/java-8-openjdk-amd64/jre/lib/ext/zipfs.jar
7fbfe2d0c000-7fbfe2d0e000 r--s 0000c000 08:05 3414163                    /usr/share/java/java-atk-wrapper.jar
7fbfe2d0e000-7fbfe2d16000 rw-s 00000000 08:05 655653                     /tmp/hsperfdata_tiago/5599
7fbfe2d16000-7fbfe2d18000 r--p 00000000 08:05 3018405                    /usr/lib/jvm/java-8-openjdk-amd64/jre/lib/amd64/libinstrument.so
7fbfe2d18000-7fbfe2d1f000 r-xp 00002000 08:05 3018405                    /usr/lib/jvm/java-8-openjdk-amd64/jre/lib/amd64/libinstrument.so
7fbfe2d1f000-7fbfe2d22000 r--p 00009000 08:05 3018405                    /usr/lib/jvm/java-8-openjdk-amd64/jre/lib/amd64/libinstrument.so
7fbfe2d22000-7fbfe2d23000 r--p 0000b000 08:05 3018405                    /usr/lib/jvm/java-8-openjdk-amd64/jre/lib/amd64/libinstrument.so
7fbfe2d23000-7fbfe2d24000 rw-p 0000c000 08:05 3018405                    /usr/lib/jvm/java-8-openjdk-amd64/jre/lib/amd64/libinstrument.so
7fbfe2d24000-7fbfe2d25000 rw-p 00000000 00:00 0 
7fbfe2d25000-7fbfe2d2a000 r--p 00000000 08:05 3018429                    /usr/lib/jvm/java-8-openjdk-amd64/jre/lib/amd64/libverify.so
7fbfe2d2a000-7fbfe2d33000 r-xp 00005000 08:05 3018429                    /usr/lib/jvm/java-8-openjdk-amd64/jre/lib/amd64/libverify.so
7fbfe2d33000-7fbfe2d35000 r--p 0000e000 08:05 3018429                    /usr/lib/jvm/java-8-openjdk-amd64/jre/lib/amd64/libverify.so
7fbfe2d35000-7fbfe2d37000 r--p 0000f000 08:05 3018429                    /usr/lib/jvm/java-8-openjdk-amd64/jre/lib/amd64/libverify.so
7fbfe2d37000-7fbfe2d38000 rw-p 00011000 08:05 3018429                    /usr/lib/jvm/java-8-openjdk-amd64/jre/lib/amd64/libverify.so
7fbfe2d38000-7fbfe2d3b000 r--p 00000000 08:05 3018396                    /usr/lib/jvm/java-8-openjdk-amd64/jre/lib/amd64/jli/libjli.so
7fbfe2d3b000-7fbfe2d45000 r-xp 00003000 08:05 3018396                    /usr/lib/jvm/java-8-openjdk-amd64/jre/lib/amd64/jli/libjli.so
7fbfe2d45000-7fbfe2d48000 r--p 0000d000 08:05 3018396                    /usr/lib/jvm/java-8-openjdk-amd64/jre/lib/amd64/jli/libjli.so
7fbfe2d48000-7fbfe2d49000 r--p 0000f000 08:05 3018396                    /usr/lib/jvm/java-8-openjdk-amd64/jre/lib/amd64/jli/libjli.so
7fbfe2d49000-7fbfe2d4a000 rw-p 00010000 08:05 3018396                    /usr/lib/jvm/java-8-openjdk-amd64/jre/lib/amd64/jli/libjli.so
7fbfe2d4a000-7fbfe2d4c000 rw-p 00000000 00:00 0 
7fbfe2d4c000-7fbfe2d4d000 r--p 00000000 08:05 2622023                    /usr/lib/x86_64-linux-gnu/ld-2.30.so
7fbfe2d4d000-7fbfe2d6f000 r-xp 00001000 08:05 2622023                    /usr/lib/x86_64-linux-gnu/ld-2.30.so
7fbfe2d6f000-7fbfe2d77000 r--p 00023000 08:05 2622023                    /usr/lib/x86_64-linux-gnu/ld-2.30.so
7fbfe2d77000-7fbfe2d78000 r--p 00000000 00:00 0 
7fbfe2d78000-7fbfe2d79000 r--p 0002b000 08:05 2622023                    /usr/lib/x86_64-linux-gnu/ld-2.30.so
7fbfe2d79000-7fbfe2d7a000 rw-p 0002c000 08:05 2622023                    /usr/lib/x86_64-linux-gnu/ld-2.30.so
7fbfe2d7a000-7fbfe2d7b000 rw-p 00000000 00:00 0 
7ffd02ad3000-7ffd02af4000 rw-p 00000000 00:00 0                          [stack]
7ffd02b65000-7ffd02b68000 r--p 00000000 00:00 0                          [vvar]
7ffd02b68000-7ffd02b69000 r-xp 00000000 00:00 0                          [vdso]
ffffffffff600000-ffffffffff601000 --xp 00000000 00:00 0                  [vsyscall]

VM Arguments:
jvm_args: -javaagent:/opt/idea/lib/idea_rt.jar=40855:/opt/idea/bin -Dfile.encoding=UTF-8 
java_command: Main
java_class_path (initial): /usr/lib/jvm/java-1.8.0-openjdk-amd64/jre/lib/charsets.jar:/usr/lib/jvm/java-1.8.0-openjdk-amd64/jre/lib/ext/cldrdata.jar:/usr/lib/jvm/java-1.8.0-openjdk-amd64/jre/lib/ext/dnsns.jar:/usr/lib/jvm/java-1.8.0-openjdk-amd64/jre/lib/ext/icedtea-sound.jar:/usr/lib/jvm/java-1.8.0-openjdk-amd64/jre/lib/ext/jaccess.jar:/usr/lib/jvm/java-1.8.0-openjdk-amd64/jre/lib/ext/java-atk-wrapper.jar:/usr/lib/jvm/java-1.8.0-openjdk-amd64/jre/lib/ext/localedata.jar:/usr/lib/jvm/java-1.8.0-openjdk-amd64/jre/lib/ext/nashorn.jar:/usr/lib/jvm/java-1.8.0-openjdk-amd64/jre/lib/ext/sunec.jar:/usr/lib/jvm/java-1.8.0-openjdk-amd64/jre/lib/ext/sunjce_provider.jar:/usr/lib/jvm/java-1.8.0-openjdk-amd64/jre/lib/ext/sunpkcs11.jar:/usr/lib/jvm/java-1.8.0-openjdk-amd64/jre/lib/ext/zipfs.jar:/usr/lib/jvm/java-1.8.0-openjdk-amd64/jre/lib/jce.jar:/usr/lib/jvm/java-1.8.0-openjdk-amd64/jre/lib/jsse.jar:/usr/lib/jvm/java-1.8.0-openjdk-amd64/jre/lib/management-agent.jar:/usr/lib/jvm/java-1.8.0-openjdk-amd64/jre/lib/resources.jar:/usr/lib/jvm/java-1.8.0-openjdk-amd64/jre/lib/rt.jar:/home/tiago/Desktop/LuckyMod/eclipse/Client/classes/production/RPC test:/home/tiago/discord-rpc-1.6.2.jar:/opt/idea/lib/idea_rt.jar
Launcher Type: SUN_STANDARD

Environment Variables:
PATH=/usr/local/sbin:/usr/local/bin:/usr/sbin:/usr/bin:/sbin:/bin:/usr/games:/usr/local/games:/snap/bin:/home/tiago/.dotnet/tools
SHELL=/bin/bash
DISPLAY=:0

Signal Handlers:
SIGSEGV: [libjvm.so+0xa90260], sa_mask[0]=11111111011111111101111111111110, sa_flags=SA_RESTART|SA_SIGINFO
SIGBUS: [libjvm.so+0xa90260], sa_mask[0]=11111111011111111101111111111110, sa_flags=SA_RESTART|SA_SIGINFO
SIGFPE: [libjvm.so+0x8e9120], sa_mask[0]=11111111011111111101111111111110, sa_flags=SA_RESTART|SA_SIGINFO
SIGPIPE: [libjvm.so+0x8e9120], sa_mask[0]=11111111011111111101111111111110, sa_flags=SA_RESTART|SA_SIGINFO
SIGXFSZ: [libjvm.so+0x8e9120], sa_mask[0]=11111111011111111101111111111110, sa_flags=SA_RESTART|SA_SIGINFO
SIGILL: [libjvm.so+0x8e9120], sa_mask[0]=11111111011111111101111111111110, sa_flags=SA_RESTART|SA_SIGINFO
SIGUSR1: SIG_DFL, sa_mask[0]=00000000000000000000000000000000, sa_flags=none
SIGUSR2: [libjvm.so+0x8e8fd0], sa_mask[0]=00100000000000000000000000000000, sa_flags=SA_RESTART|SA_SIGINFO
SIGHUP: [libjvm.so+0x8e93a0], sa_mask[0]=11111111011111111101111111111110, sa_flags=SA_RESTART|SA_SIGINFO
SIGINT: [libjvm.so+0x8e93a0], sa_mask[0]=11111111011111111101111111111110, sa_flags=SA_RESTART|SA_SIGINFO
SIGTERM: [libjvm.so+0x8e93a0], sa_mask[0]=11111111011111111101111111111110, sa_flags=SA_RESTART|SA_SIGINFO
SIGQUIT: [libjvm.so+0x8e93a0], sa_mask[0]=11111111011111111101111111111110, sa_flags=SA_RESTART|SA_SIGINFO


---------------  S Y S T E M  ---------------

OS:DISTRIB_ID=Ubuntu
DISTRIB_RELEASE=19.10
DISTRIB_CODENAME=eoan
DISTRIB_DESCRIPTION="Ubuntu 19.10"

uname:Linux 5.3.0-59-generic #53-Ubuntu SMP Wed Jun 3 15:52:15 UTC 2020 x86_64
libc:glibc 2.30 NPTL 2.30 
rlimit: STACK 8192k, CORE 0k, NPROC 14769, NOFILE 1048576, AS infinity
load average:8,22 5,85 3,75

/proc/meminfo:
MemTotal:        3869884 kB
MemFree:          173168 kB
MemAvailable:     437128 kB
Buffers:           63276 kB
Cached:           587488 kB
SwapCached:        18584 kB
Active:          2454956 kB
Inactive:         861716 kB
Active(anon):    2218024 kB
Inactive(anon):   667912 kB
Active(file):     236932 kB
Inactive(file):   193804 kB
Unevictable:       36372 kB
Mlocked:              64 kB
SwapTotal:       2097148 kB
SwapFree:        1564924 kB
Dirty:              4344 kB
Writeback:             0 kB
AnonPages:       2689616 kB
Mapped:           414820 kB
Shmem:            220760 kB
KReclaimable:      87448 kB
Slab:             199148 kB
SReclaimable:      87448 kB
SUnreclaim:       111700 kB
KernelStack:       14368 kB
PageTables:        35032 kB
NFS_Unstable:          0 kB
Bounce:                0 kB
WritebackTmp:          0 kB
CommitLimit:     4032088 kB
Committed_AS:    7946480 kB
VmallocTotal:   34359738367 kB
VmallocUsed:       32892 kB
VmallocChunk:          0 kB
Percpu:             3376 kB
HardwareCorrupted:     0 kB
AnonHugePages:         0 kB
ShmemHugePages:        0 kB
ShmemPmdMapped:        0 kB
CmaTotal:              0 kB
CmaFree:               0 kB
HugePages_Total:       0
HugePages_Free:        0
HugePages_Rsvd:        0
HugePages_Surp:        0
Hugepagesize:       2048 kB
Hugetlb:               0 kB
DirectMap4k:      319752 kB
DirectMap2M:     3713024 kB

container (cgroup) information:
container_type: cgroupv1
cpu_cpuset_cpus: 0-3
cpu_memory_nodes: 0
active_processor_count: 4
cpu_quota: -1
cpu_period: 100000
cpu_shares: -1
memory_limit_in_bytes: -1
memory_and_swap_limit_in_bytes: -2
memory_soft_limit_in_bytes: -1
memory_usage_in_bytes: 3351736320
memory_max_usage_in_bytes: 3423612928


CPU:total 4 (initial active 4) (4 cores per cpu, 1 threads per core) family 6 model 76 stepping 4, cmov, cx8, fxsr, mmx, sse, sse2, sse3, ssse3, sse4.1, sse4.2, popcnt, aes, clmul, erms, 3dnowpref, tsc, tscinvbit

/proc/cpuinfo:
processor	: 0
vendor_id	: GenuineIntel
cpu family	: 6
model		: 76
model name	: Intel(R) Pentium(R) CPU  J3710  @ 1.60GHz
stepping	: 4
microcode	: 0x411
cpu MHz		: 2640.000
cache size	: 1024 KB
physical id	: 0
siblings	: 4
core id		: 0
cpu cores	: 4
apicid		: 0
initial apicid	: 0
fpu		: yes
fpu_exception	: yes
cpuid level	: 11
wp		: yes
flags		: fpu vme de pse tsc msr pae mce cx8 apic sep mtrr pge mca cmov pat pse36 clflush dts acpi mmx fxsr sse sse2 ss ht tm pbe syscall nx rdtscp lm constant_tsc arch_perfmon pebs bts rep_good nopl xtopology tsc_reliable nonstop_tsc cpuid aperfmperf tsc_known_freq pni pclmulqdq dtes64 monitor ds_cpl vmx est tm2 ssse3 cx16 xtpr pdcm sse4_1 sse4_2 movbe popcnt tsc_deadline_timer aes rdrand lahf_lm 3dnowprefetch epb pti ibrs ibpb stibp tpr_shadow vnmi flexpriority ept vpid tsc_adjust smep erms dtherm ida arat md_clear
bugs		: cpu_meltdown spectre_v1 spectre_v2 mds msbds_only
bogomips	: 3200.00
clflush size	: 64
cache_alignment	: 64
address sizes	: 36 bits physical, 48 bits virtual
power management:

processor	: 1
vendor_id	: GenuineIntel
cpu family	: 6
model		: 76
model name	: Intel(R) Pentium(R) CPU  J3710  @ 1.60GHz
stepping	: 4
microcode	: 0x411
cpu MHz		: 2640.013
cache size	: 1024 KB
physical id	: 0
siblings	: 4
core id		: 1
cpu cores	: 4
apicid		: 2
initial apicid	: 2
fpu		: yes
fpu_exception	: yes
cpuid level	: 11
wp		: yes
flags		: fpu vme de pse tsc msr pae mce cx8 apic sep mtrr pge mca cmov pat pse36 clflush dts acpi mmx fxsr sse sse2 ss ht tm pbe syscall nx rdtscp lm constant_tsc arch_perfmon pebs bts rep_good nopl xtopology tsc_reliable nonstop_tsc cpuid aperfmperf tsc_known_freq pni pclmulqdq dtes64 monitor ds_cpl vmx est tm2 ssse3 cx16 xtpr pdcm sse4_1 sse4_2 movbe popcnt tsc_deadline_timer aes rdrand lahf_lm 3dnowprefetch epb pti ibrs ibpb stibp tpr_shadow vnmi flexpriority ept vpid tsc_adjust smep erms dtherm ida arat md_clear
bugs		: cpu_meltdown spectre_v1 spectre_v2 mds msbds_only
bogomips	: 3200.00
clflush size	: 64
cache_alignment	: 64
address sizes	: 36 bits physical, 48 bits virtual
power management:

processor	: 2
vendor_id	: GenuineIntel
cpu family	: 6
model		: 76
model name	: Intel(R) Pentium(R) CPU  J3710  @ 1.60GHz
stepping	: 4
microcode	: 0x411
cpu MHz		: 2560.305
cache size	: 1024 KB
physical id	: 0
siblings	: 4
core id		: 2
cpu cores	: 4
apicid		: 4
initial apicid	: 4
fpu		: yes
fpu_exception	: yes
cpuid level	: 11
wp		: yes
flags		: fpu vme de pse tsc msr pae mce cx8 apic sep mtrr pge mca cmov pat pse36 clflush dts acpi mmx fxsr sse sse2 ss ht tm pbe syscall nx rdtscp lm constant_tsc arch_perfmon pebs bts rep_good nopl xtopology tsc_reliable nonstop_tsc cpuid aperfmperf tsc_known_freq pni pclmulqdq dtes64 monitor ds_cpl vmx est tm2 ssse3 cx16 xtpr pdcm sse4_1 sse4_2 movbe popcnt tsc_deadline_timer aes rdrand lahf_lm 3dnowprefetch epb pti ibrs ibpb stibp tpr_shadow vnmi flexpriority ept vpid tsc_adjust smep erms dtherm ida arat md_clear
bugs		: cpu_meltdown spectre_v1 spectre_v2 mds msbds_only
bogomips	: 3200.00
clflush size	: 64
cache_alignment	: 64
address sizes	: 36 bits physical, 48 bits virtual
power management:

processor	: 3
vendor_id	: GenuineIntel
cpu family	: 6
model		: 76
model name	: Intel(R) Pentium(R) CPU  J3710  @ 1.60GHz
stepping	: 4
microcode	: 0x411
cpu MHz		: 2557.174
cache size	: 1024 KB
physical id	: 0
siblings	: 4
core id		: 3
cpu cores	: 4
apicid		: 6
initial apicid	: 6
fpu		: yes
fpu_exception	: yes
cpuid level	: 11
wp		: yes
flags		: fpu vme de pse tsc msr pae mce cx8 apic sep mtrr pge mca cmov pat pse36 clflush dts acpi mmx fxsr sse sse2 ss ht tm pbe syscall nx rdtscp lm constant_tsc arch_perfmon pebs bts rep_good nopl xtopology tsc_reliable nonstop_tsc cpuid aperfmperf tsc_known_freq pni pclmulqdq dtes64 monitor ds_cpl vmx est tm2 ssse3 cx16 xtpr pdcm sse4_1 sse4_2 movbe popcnt tsc_deadline_timer aes rdrand lahf_lm 3dnowprefetch epb pti ibrs ibpb stibp tpr_shadow vnmi flexpriority ept vpid tsc_adjust smep erms dtherm ida arat md_clear
bugs		: cpu_meltdown spectre_v1 spectre_v2 mds msbds_only
bogomips	: 3200.00
clflush size	: 64
cache_alignment	: 64
address sizes	: 36 bits physical, 48 bits virtual
power management:



Memory: 4k page, physical 3869884k(173040k free), swap 2097148k(1564924k free)

vm_info: OpenJDK 64-Bit Server VM (25.252-b09) for linux-amd64 JRE (1.8.0_252-8u252-b09-1~19.10-b09), built on Apr 15 2020 18:48:05 by "buildd" with gcc 9.2.1 20191008

time: Mon Jun 22 16:08:38 2020
timezone: WEST
elapsed time: 321 seconds (0d 0h 5m 21s)

