src/minecraft/net/minecraft/world/chunk/Chunk.java:353: warning: [deprecation] getChunksLowestHorizon(int,int) in World has been deprecated
                            j1 = Math.min(j1, this.worldObj.getChunksLowestHorizon(l + enumfacing.getFrontOffsetX(), i1 + enumfacing.getFrontOffsetZ()));
                                                           ^
src/minecraft/net/minecraft/block/state/BlockStateContainer.java:268: warning: [deprecation] getMaterial(IBlockState) in Block has been deprecated
            return this.block.getMaterial(this);
                             ^
src/minecraft/net/minecraft/block/state/BlockStateContainer.java:273: warning: [deprecation] isFullBlock(IBlockState) in Block has been deprecated
            return this.block.isFullBlock(this);
                             ^
src/minecraft/net/minecraft/block/state/BlockStateContainer.java:278: warning: [deprecation] func_189872_a(IBlockState,Entity) in Block has been deprecated
            return this.block.func_189872_a(this, p_189884_1_);
                             ^
src/minecraft/net/minecraft/block/state/BlockStateContainer.java:283: warning: [deprecation] getLightOpacity(IBlockState) in Block has been deprecated
            return this.block.getLightOpacity(this);
                             ^
src/minecraft/net/minecraft/block/state/BlockStateContainer.java:288: warning: [deprecation] getLightValue(IBlockState) in Block has been deprecated
            return this.block.getLightValue(this);
                             ^
src/minecraft/net/minecraft/block/state/BlockStateContainer.java:293: warning: [deprecation] isTranslucent(IBlockState) in Block has been deprecated
            return this.block.isTranslucent(this);
                             ^
src/minecraft/net/minecraft/block/state/BlockStateContainer.java:298: warning: [deprecation] getUseNeighborBrightness(IBlockState) in Block has been deprecated
            return this.block.getUseNeighborBrightness(this);
                             ^
src/minecraft/net/minecraft/block/state/BlockStateContainer.java:303: warning: [deprecation] getMapColor(IBlockState) in Block has been deprecated
            return this.block.getMapColor(this);
                             ^
src/minecraft/net/minecraft/block/state/BlockStateContainer.java:308: warning: [deprecation] withRotation(IBlockState,Rotation) in Block has been deprecated
            return this.block.withRotation(this, rot);
                             ^
src/minecraft/net/minecraft/block/state/BlockStateContainer.java:313: warning: [deprecation] withMirror(IBlockState,Mirror) in Block has been deprecated
            return this.block.withMirror(this, mirrorIn);
                             ^
src/minecraft/net/minecraft/block/state/BlockStateContainer.java:318: warning: [deprecation] isFullCube(IBlockState) in Block has been deprecated
            return this.block.isFullCube(this);
                             ^
src/minecraft/net/minecraft/block/state/BlockStateContainer.java:323: warning: [deprecation] getRenderType(IBlockState) in Block has been deprecated
            return this.block.getRenderType(this);
                             ^
src/minecraft/net/minecraft/block/state/BlockStateContainer.java:328: warning: [deprecation] getPackedLightmapCoords(IBlockState,IBlockAccess,BlockPos) in Block has been deprecated
            return this.block.getPackedLightmapCoords(this, source, pos);
                             ^
src/minecraft/net/minecraft/block/state/BlockStateContainer.java:333: warning: [deprecation] getAmbientOcclusionLightValue(IBlockState) in Block has been deprecated
            return this.block.getAmbientOcclusionLightValue(this);
                             ^
src/minecraft/net/minecraft/block/state/BlockStateContainer.java:338: warning: [deprecation] isBlockNormalCube(IBlockState) in Block has been deprecated
            return this.block.isBlockNormalCube(this);
                             ^
src/minecraft/net/minecraft/block/state/BlockStateContainer.java:343: warning: [deprecation] isNormalCube(IBlockState) in Block has been deprecated
            return this.block.isNormalCube(this);
                             ^
src/minecraft/net/minecraft/block/state/BlockStateContainer.java:348: warning: [deprecation] canProvidePower(IBlockState) in Block has been deprecated
            return this.block.canProvidePower(this);
                             ^
src/minecraft/net/minecraft/block/state/BlockStateContainer.java:353: warning: [deprecation] getWeakPower(IBlockState,IBlockAccess,BlockPos,EnumFacing) in Block has been deprecated
            return this.block.getWeakPower(this, blockAccess, pos, side);
                             ^
src/minecraft/net/minecraft/block/state/BlockStateContainer.java:358: warning: [deprecation] hasComparatorInputOverride(IBlockState) in Block has been deprecated
            return this.block.hasComparatorInputOverride(this);
                             ^
src/minecraft/net/minecraft/block/state/BlockStateContainer.java:363: warning: [deprecation] getComparatorInputOverride(IBlockState,World,BlockPos) in Block has been deprecated
            return this.block.getComparatorInputOverride(this, worldIn, pos);
                             ^
src/minecraft/net/minecraft/block/state/BlockStateContainer.java:368: warning: [deprecation] getBlockHardness(IBlockState,World,BlockPos) in Block has been deprecated
            return this.block.getBlockHardness(this, worldIn, pos);
                             ^
src/minecraft/net/minecraft/block/state/BlockStateContainer.java:373: warning: [deprecation] getPlayerRelativeBlockHardness(IBlockState,EntityPlayer,World,BlockPos) in Block has been deprecated
            return this.block.getPlayerRelativeBlockHardness(this, player, worldIn, pos);
                             ^
src/minecraft/net/minecraft/block/state/BlockStateContainer.java:378: warning: [deprecation] getStrongPower(IBlockState,IBlockAccess,BlockPos,EnumFacing) in Block has been deprecated
            return this.block.getStrongPower(this, blockAccess, pos, side);
                             ^
src/minecraft/net/minecraft/block/state/BlockStateContainer.java:383: warning: [deprecation] getMobilityFlag(IBlockState) in Block has been deprecated
            return this.block.getMobilityFlag(this);
                             ^
src/minecraft/net/minecraft/block/state/BlockStateContainer.java:388: warning: [deprecation] getActualState(IBlockState,IBlockAccess,BlockPos) in Block has been deprecated
            return this.block.getActualState(this, blockAccess, pos);
                             ^
src/minecraft/net/minecraft/block/state/BlockStateContainer.java:393: warning: [deprecation] getSelectedBoundingBox(IBlockState,World,BlockPos) in Block has been deprecated
            return this.block.getSelectedBoundingBox(this, worldIn, pos);
                             ^
src/minecraft/net/minecraft/block/state/BlockStateContainer.java:398: warning: [deprecation] shouldSideBeRendered(IBlockState,IBlockAccess,BlockPos,EnumFacing) in Block has been deprecated
            return this.block.shouldSideBeRendered(this, blockAccess, pos, facing);
                             ^
src/minecraft/net/minecraft/block/state/BlockStateContainer.java:403: warning: [deprecation] isOpaqueCube(IBlockState) in Block has been deprecated
            return this.block.isOpaqueCube(this);
                             ^
src/minecraft/net/minecraft/block/state/BlockStateContainer.java:409: warning: [deprecation] getCollisionBoundingBox(IBlockState,World,BlockPos) in Block has been deprecated
            return this.block.getCollisionBoundingBox(this, worldIn, pos);
                             ^
src/minecraft/net/minecraft/block/state/BlockStateContainer.java:414: warning: [deprecation] addCollisionBoxToList(IBlockState,World,BlockPos,AxisAlignedBB,List<AxisAlignedBB>,Entity) in Block has been deprecated
            this.block.addCollisionBoxToList(this, worldIn, pos, p_185908_3_, p_185908_4_, p_185908_5_);
                      ^
src/minecraft/net/minecraft/block/state/BlockStateContainer.java:419: warning: [deprecation] getBoundingBox(IBlockState,IBlockAccess,BlockPos) in Block has been deprecated
            return this.block.getBoundingBox(this, blockAccess, pos);
                             ^
src/minecraft/net/minecraft/block/state/BlockStateContainer.java:424: warning: [deprecation] collisionRayTrace(IBlockState,World,BlockPos,Vec3d,Vec3d) in Block has been deprecated
            return this.block.collisionRayTrace(this, worldIn, pos, start, end);
                             ^
src/minecraft/net/minecraft/block/state/BlockStateContainer.java:429: warning: [deprecation] isFullyOpaque(IBlockState) in Block has been deprecated
            return this.block.isFullyOpaque(this);
                             ^
src/minecraft/net/minecraft/block/state/BlockStateContainer.java:434: warning: [deprecation] func_189539_a(IBlockState,World,BlockPos,int,int) in Block has been deprecated
            return this.block.func_189539_a(this, p_189547_1_, p_189547_2_, p_189547_3_, p_189547_4_);
                             ^
src/minecraft/net/minecraft/block/state/BlockStateContainer.java:439: warning: [deprecation] func_189540_a(IBlockState,World,BlockPos,Block) in Block has been deprecated
            this.block.func_189540_a(this, p_189546_1_, p_189546_2_, p_189546_3_);
                      ^
src/minecraft/net/minecraft/network/NetHandlerPlayServer.java:1472: warning: [deprecation] setItem(Item) in ItemStack has been deprecated
                    itemstack3.setItem(Items.WRITTEN_BOOK);
                              ^
src/minecraft/net/minecraft/block/BlockBush.java:50: warning: [deprecation] func_189540_a(IBlockState,World,BlockPos,Block) in Block has been deprecated
    public void func_189540_a(IBlockState p_189540_1_, World p_189540_2_, BlockPos p_189540_3_, Block p_189540_4_)
                ^
src/minecraft/net/minecraft/block/BlockBush.java:52: warning: [deprecation] func_189540_a(IBlockState,World,BlockPos,Block) in Block has been deprecated
        super.func_189540_a(p_189540_1_, p_189540_2_, p_189540_3_, p_189540_4_);
             ^
src/minecraft/net/minecraft/block/BlockBush.java:75: warning: [deprecation] getBoundingBox(IBlockState,IBlockAccess,BlockPos) in Block has been deprecated
    public AxisAlignedBB getBoundingBox(IBlockState state, IBlockAccess source, BlockPos pos)
                         ^
src/minecraft/net/minecraft/block/BlockBush.java:81: warning: [deprecation] getCollisionBoundingBox(IBlockState,World,BlockPos) in Block has been deprecated
    public AxisAlignedBB getCollisionBoundingBox(IBlockState blockState, World worldIn, BlockPos pos)
                         ^
src/minecraft/net/minecraft/block/BlockBush.java:89: warning: [deprecation] isOpaqueCube(IBlockState) in Block has been deprecated
    public boolean isOpaqueCube(IBlockState state)
                   ^
src/minecraft/net/minecraft/block/BlockBush.java:94: warning: [deprecation] isFullCube(IBlockState) in Block has been deprecated
    public boolean isFullCube(IBlockState state)
                   ^
src/minecraft/net/minecraft/block/BlockFlower.java:51: warning: [deprecation] getStateFromMeta(int) in Block has been deprecated
    public IBlockState getStateFromMeta(int meta)
                       ^
src/minecraft/net/minecraft/block/BlockDoublePlant.java:270: warning: [deprecation] getStateFromMeta(int) in Block has been deprecated
    public IBlockState getStateFromMeta(int meta)
                       ^
src/minecraft/net/minecraft/block/BlockDoublePlant.java:279: warning: [deprecation] getActualState(IBlockState,IBlockAccess,BlockPos) in Block has been deprecated
    public IBlockState getActualState(IBlockState state, IBlockAccess worldIn, BlockPos pos)
                       ^
src/minecraft/net/minecraft/block/BlockRotatedPillar.java:35: warning: [deprecation] withRotation(IBlockState,Rotation) in Block has been deprecated
    public IBlockState withRotation(IBlockState state, Rotation rot)
                       ^
src/minecraft/net/minecraft/block/BlockRotatedPillar.java:61: warning: [deprecation] getStateFromMeta(int) in Block has been deprecated
    public IBlockState getStateFromMeta(int meta)
                       ^
src/minecraft/net/minecraft/init/Bootstrap.java:258: warning: [deprecation] setItem(Item) in ItemStack has been deprecated
                    stack.setItem(Items.BUCKET);
                         ^
src/minecraft/net/minecraft/init/Bootstrap.java:300: warning: [deprecation] setItem(Item) in ItemStack has been deprecated
                    stack.setItem(item);
                         ^
src/minecraft/net/minecraft/block/BlockGrass.java:34: warning: [deprecation] getActualState(IBlockState,IBlockAccess,BlockPos) in Block has been deprecated
    public IBlockState getActualState(IBlockState state, IBlockAccess worldIn, BlockPos pos)
                       ^
src/minecraft/net/minecraft/block/BlockLiquid.java:38: warning: [deprecation] getBoundingBox(IBlockState,IBlockAccess,BlockPos) in Block has been deprecated
    public AxisAlignedBB getBoundingBox(IBlockState state, IBlockAccess source, BlockPos pos)
                         ^
src/minecraft/net/minecraft/block/BlockLiquid.java:44: warning: [deprecation] getCollisionBoundingBox(IBlockState,World,BlockPos) in Block has been deprecated
    public AxisAlignedBB getCollisionBoundingBox(IBlockState blockState, World worldIn, BlockPos pos)
                         ^
src/minecraft/net/minecraft/block/BlockLiquid.java:78: warning: [deprecation] isFullCube(IBlockState) in Block has been deprecated
    public boolean isFullCube(IBlockState state)
                   ^
src/minecraft/net/minecraft/block/BlockLiquid.java:86: warning: [deprecation] isOpaqueCube(IBlockState) in Block has been deprecated
    public boolean isOpaqueCube(IBlockState state)
                   ^
src/minecraft/net/minecraft/block/BlockLiquid.java:105: warning: [deprecation] shouldSideBeRendered(IBlockState,IBlockAccess,BlockPos,EnumFacing) in Block has been deprecated
    public boolean shouldSideBeRendered(IBlockState blockState, IBlockAccess blockAccess, BlockPos pos, EnumFacing side)
                   ^
src/minecraft/net/minecraft/block/BlockLiquid.java:107: warning: [deprecation] shouldSideBeRendered(IBlockState,IBlockAccess,BlockPos,EnumFacing) in Block has been deprecated
        return blockAccess.getBlockState(pos.offset(side)).getMaterial() == this.blockMaterial ? false : (side == EnumFacing.UP ? true : super.shouldSideBeRendered(blockState, blockAccess, pos, side));
                                                                                                                                              ^
src/minecraft/net/minecraft/block/BlockLiquid.java:131: warning: [deprecation] getRenderType(IBlockState) in Block has been deprecated
    public EnumBlockRenderType getRenderType(IBlockState state)
                               ^
src/minecraft/net/minecraft/block/BlockLiquid.java:224: warning: [deprecation] getPackedLightmapCoords(IBlockState,IBlockAccess,BlockPos) in Block has been deprecated
    public int getPackedLightmapCoords(IBlockState state, IBlockAccess source, BlockPos pos)
               ^
src/minecraft/net/minecraft/block/BlockLiquid.java:313: warning: [deprecation] func_189540_a(IBlockState,World,BlockPos,Block) in Block has been deprecated
    public void func_189540_a(IBlockState p_189540_1_, World p_189540_2_, BlockPos p_189540_3_, Block p_189540_4_)
                ^
src/minecraft/net/minecraft/block/BlockLiquid.java:372: warning: [deprecation] getStateFromMeta(int) in Block has been deprecated
    public IBlockState getStateFromMeta(int meta)
                       ^
src/minecraft/net/minecraft/block/BlockFalling.java:33: warning: [deprecation] func_189540_a(IBlockState,World,BlockPos,Block) in Block has been deprecated
    public void func_189540_a(IBlockState p_189540_1_, World p_189540_2_, BlockPos p_189540_3_, Block p_189540_4_)
                ^
src/minecraft/net/minecraft/block/BlockSand.java:46: warning: [deprecation] getMapColor(IBlockState) in Block has been deprecated
    public MapColor getMapColor(IBlockState state)
                    ^
src/minecraft/net/minecraft/block/BlockSand.java:54: warning: [deprecation] getStateFromMeta(int) in Block has been deprecated
    public IBlockState getStateFromMeta(int meta)
                       ^
src/minecraft/net/minecraft/block/BlockLeaves.java:265: warning: [deprecation] isOpaqueCube(IBlockState) in Block has been deprecated
    public boolean isOpaqueCube(IBlockState state)
                   ^
src/minecraft/net/minecraft/block/BlockLeaves.java:290: warning: [deprecation] shouldSideBeRendered(IBlockState,IBlockAccess,BlockPos,EnumFacing) in Block has been deprecated
    public boolean shouldSideBeRendered(IBlockState blockState, IBlockAccess blockAccess, BlockPos pos, EnumFacing side)
                   ^
src/minecraft/net/minecraft/block/BlockLeaves.java:292: warning: [deprecation] shouldSideBeRendered(IBlockState,IBlockAccess,BlockPos,EnumFacing) in Block has been deprecated
        return !this.leavesFancy && blockAccess.getBlockState(pos.offset(side)).getBlock() == this ? false : super.shouldSideBeRendered(blockState, blockAccess, pos, side);
                                                                                                                  ^
src/minecraft/net/minecraft/block/BlockPistonBase.java:55: warning: [deprecation] getBoundingBox(IBlockState,IBlockAccess,BlockPos) in Block has been deprecated
    public AxisAlignedBB getBoundingBox(IBlockState state, IBlockAccess source, BlockPos pos)
                         ^
src/minecraft/net/minecraft/block/BlockPistonBase.java:90: warning: [deprecation] isFullyOpaque(IBlockState) in Block has been deprecated
    public boolean isFullyOpaque(IBlockState state)
                   ^
src/minecraft/net/minecraft/block/BlockPistonBase.java:95: warning: [deprecation] addCollisionBoxToList(IBlockState,World,BlockPos,AxisAlignedBB,List<AxisAlignedBB>,Entity) in Block has been deprecated
    public void addCollisionBoxToList(IBlockState state, World worldIn, BlockPos pos, AxisAlignedBB entityBox, List<AxisAlignedBB> collidingBoxes, @Nullable Entity entityIn)
                ^
src/minecraft/net/minecraft/block/BlockPistonBase.java:103: warning: [deprecation] isOpaqueCube(IBlockState) in Block has been deprecated
    public boolean isOpaqueCube(IBlockState state)
                   ^
src/minecraft/net/minecraft/block/BlockPistonBase.java:121: warning: [deprecation] func_189540_a(IBlockState,World,BlockPos,Block) in Block has been deprecated
    public void func_189540_a(IBlockState p_189540_1_, World p_189540_2_, BlockPos p_189540_3_, Block p_189540_4_)
                ^
src/minecraft/net/minecraft/block/BlockPistonBase.java:194: warning: [deprecation] func_189539_a(IBlockState,World,BlockPos,int,int) in Block has been deprecated
    public boolean func_189539_a(IBlockState p_189539_1_, World p_189539_2_, BlockPos p_189539_3_, int p_189539_4_, int p_189539_5_)
                   ^
src/minecraft/net/minecraft/block/BlockPistonBase.java:275: warning: [deprecation] isFullCube(IBlockState) in Block has been deprecated
    public boolean isFullCube(IBlockState state)
                   ^
src/minecraft/net/minecraft/block/BlockPistonBase.java:446: warning: [deprecation] getStateFromMeta(int) in Block has been deprecated
    public IBlockState getStateFromMeta(int meta)
                       ^
src/minecraft/net/minecraft/block/BlockPistonBase.java:471: warning: [deprecation] withRotation(IBlockState,Rotation) in Block has been deprecated
    public IBlockState withRotation(IBlockState state, Rotation rot)
                       ^
src/minecraft/net/minecraft/block/BlockPistonBase.java:480: warning: [deprecation] withMirror(IBlockState,Mirror) in Block has been deprecated
    public IBlockState withMirror(IBlockState state, Mirror mirrorIn)
                       ^
src/minecraft/net/minecraft/block/BlockTallGrass.java:132: warning: [deprecation] getStateFromMeta(int) in Block has been deprecated
    public IBlockState getStateFromMeta(int meta)
                       ^
src/minecraft/net/minecraft/block/BlockDeadBush.java:37: warning: [deprecation] getMapColor(IBlockState) in Block has been deprecated
    public MapColor getMapColor(IBlockState state)
                    ^
src/minecraft/net/minecraft/block/BlockPistonExtension.java:50: warning: [deprecation] getBoundingBox(IBlockState,IBlockAccess,BlockPos) in Block has been deprecated
    public AxisAlignedBB getBoundingBox(IBlockState state, IBlockAccess source, BlockPos pos)
                         ^
src/minecraft/net/minecraft/block/BlockPistonExtension.java:75: warning: [deprecation] addCollisionBoxToList(IBlockState,World,BlockPos,AxisAlignedBB,List<AxisAlignedBB>,Entity) in Block has been deprecated
    public void addCollisionBoxToList(IBlockState state, World worldIn, BlockPos pos, AxisAlignedBB entityBox, List<AxisAlignedBB> collidingBoxes, @Nullable Entity entityIn)
                ^
src/minecraft/net/minecraft/block/BlockPistonExtension.java:109: warning: [deprecation] isFullyOpaque(IBlockState) in Block has been deprecated
    public boolean isFullyOpaque(IBlockState state)
                   ^
src/minecraft/net/minecraft/block/BlockPistonExtension.java:147: warning: [deprecation] isOpaqueCube(IBlockState) in Block has been deprecated
    public boolean isOpaqueCube(IBlockState state)
                   ^
src/minecraft/net/minecraft/block/BlockPistonExtension.java:152: warning: [deprecation] isFullCube(IBlockState) in Block has been deprecated
    public boolean isFullCube(IBlockState state)
                   ^
src/minecraft/net/minecraft/block/BlockPistonExtension.java:178: warning: [deprecation] func_189540_a(IBlockState,World,BlockPos,Block) in Block has been deprecated
    public void func_189540_a(IBlockState p_189540_1_, World p_189540_2_, BlockPos p_189540_3_, Block p_189540_4_)
                ^
src/minecraft/net/minecraft/block/BlockPistonExtension.java:194: warning: [deprecation] shouldSideBeRendered(IBlockState,IBlockAccess,BlockPos,EnumFacing) in Block has been deprecated
    public boolean shouldSideBeRendered(IBlockState blockState, IBlockAccess blockAccess, BlockPos pos, EnumFacing side)
                   ^
src/minecraft/net/minecraft/block/BlockPistonExtension.java:214: warning: [deprecation] getStateFromMeta(int) in Block has been deprecated
    public IBlockState getStateFromMeta(int meta)
                       ^
src/minecraft/net/minecraft/block/BlockPistonExtension.java:239: warning: [deprecation] withRotation(IBlockState,Rotation) in Block has been deprecated
    public IBlockState withRotation(IBlockState state, Rotation rot)
                       ^
src/minecraft/net/minecraft/block/BlockPistonExtension.java:248: warning: [deprecation] withMirror(IBlockState,Mirror) in Block has been deprecated
    public IBlockState withMirror(IBlockState state, Mirror mirrorIn)
                       ^
src/minecraft/net/minecraft/block/BlockContainer.java:38: warning: [deprecation] getRenderType(IBlockState) in Block has been deprecated
    public EnumBlockRenderType getRenderType(IBlockState state)
                               ^
src/minecraft/net/minecraft/block/BlockContainer.java:49: warning: [deprecation] func_189539_a(IBlockState,World,BlockPos,int,int) in Block has been deprecated
    public boolean func_189539_a(IBlockState p_189539_1_, World p_189539_2_, BlockPos p_189539_3_, int p_189539_4_, int p_189539_5_)
                   ^
src/minecraft/net/minecraft/block/BlockContainer.java:51: warning: [deprecation] func_189539_a(IBlockState,World,BlockPos,int,int) in Block has been deprecated
        super.func_189539_a(p_189539_1_, p_189539_2_, p_189539_3_, p_189539_4_, p_189539_5_);
             ^
src/minecraft/net/minecraft/block/BlockPistonMoving.java:96: warning: [deprecation] isOpaqueCube(IBlockState) in Block has been deprecated
    public boolean isOpaqueCube(IBlockState state)
                   ^
src/minecraft/net/minecraft/block/BlockPistonMoving.java:101: warning: [deprecation] isFullCube(IBlockState) in Block has been deprecated
    public boolean isFullCube(IBlockState state)
                   ^
src/minecraft/net/minecraft/block/BlockPistonMoving.java:149: warning: [deprecation] collisionRayTrace(IBlockState,World,BlockPos,Vec3d,Vec3d) in Block has been deprecated
    public RayTraceResult collisionRayTrace(IBlockState blockState, World worldIn, BlockPos pos, Vec3d start, Vec3d end)
                          ^
src/minecraft/net/minecraft/block/BlockPistonMoving.java:154: warning: [deprecation] func_189540_a(IBlockState,World,BlockPos,Block) in Block has been deprecated
    public void func_189540_a(IBlockState p_189540_1_, World p_189540_2_, BlockPos p_189540_3_, Block p_189540_4_)
                ^
src/minecraft/net/minecraft/block/BlockPistonMoving.java:163: warning: [deprecation] getCollisionBoundingBox(IBlockState,World,BlockPos) in Block has been deprecated
    public AxisAlignedBB getCollisionBoundingBox(IBlockState blockState, World worldIn, BlockPos pos)
                         ^
src/minecraft/net/minecraft/block/BlockPistonMoving.java:169: warning: [deprecation] getBoundingBox(IBlockState,IBlockAccess,BlockPos) in Block has been deprecated
    public AxisAlignedBB getBoundingBox(IBlockState state, IBlockAccess source, BlockPos pos)
                         ^
src/minecraft/net/minecraft/block/BlockPistonMoving.java:195: warning: [deprecation] getStateFromMeta(int) in Block has been deprecated
    public IBlockState getStateFromMeta(int meta)
                       ^
src/minecraft/net/minecraft/block/BlockPistonMoving.java:204: warning: [deprecation] withRotation(IBlockState,Rotation) in Block has been deprecated
    public IBlockState withRotation(IBlockState state, Rotation rot)
                       ^
Note: Some input files additionally use or override a deprecated API.
Note: Some input files use unchecked or unsafe operations.
Note: Recompile with -Xlint:unchecked for details.
100 warnings
