[00:17:36] [Client thread/INFO]: Setting user: tiagodinis_
[00:17:40] [Client thread/INFO]: LWJGL Version: 2.9.4
[00:17:41] [Client thread/INFO]: Reloading ResourceManager: Default
[00:17:43] [Sound Library Loader/INFO]: Starting up SoundSystem...
[00:17:44] [Thread-6/INFO]: Initializing LWJGL OpenAL
[00:17:44] [Thread-6/INFO]: (The LWJGL binding of OpenAL.  For more information, see http://www.lwjgl.org)
[00:17:44] [Thread-6/INFO]: OpenAL initialized.
[00:17:44] [Sound Library Loader/INFO]: Sound engine started
[00:17:51] [Client thread/INFO]: Created: 2048x2048 textures-atlas
[00:18:08] [Realms Notification Availability checker #1/INFO]: Could not authorize you against Realms server: Invalid session id
[00:18:59] [Server thread/INFO]: Starting integrated minecraft server version 1.10
[00:18:59] [Server thread/INFO]: Generating keypair
[00:19:00] [Server thread/INFO]: Preparing start region for level 0
[00:19:01] [Server thread/INFO]: Preparing spawn area: 40%
[00:19:02] [Server thread/INFO]: Changing view distance to 2, from 10
[00:19:05] [Server thread/INFO]: tiagodinis_[local:E:dbc3bd40] logged in with entity id 103 at (2.999983947643734E7, 4.0, -712.3754106280438)
[00:19:05] [Server thread/INFO]: tiagodinis_ juntou-se
[00:19:06] [Server thread/INFO]: Saving and pausing game...
[00:19:06] [Server thread/INFO]: Saving chunks for level 'Novo Mundo'/Overworld
[00:19:06] [Client thread/INFO]: [CHAT] A new §eOptiFine§f version is available: §eHD Ultra E7§f
[00:19:06] [Server thread/INFO]: Saving chunks for level 'Novo Mundo'/Nether
[00:19:06] [Server thread/INFO]: Saving chunks for level 'Novo Mundo'/The End
[00:19:16] [Server thread/INFO]: Saving and pausing game...
[00:19:16] [Server thread/INFO]: Saving chunks for level 'Novo Mundo'/Overworld
[00:19:16] [Server thread/INFO]: Saving chunks for level 'Novo Mundo'/Nether
[00:19:16] [Server thread/INFO]: Saving chunks for level 'Novo Mundo'/The End
[00:19:32] [Server thread/INFO]: Saving and pausing game...
[00:19:32] [Server thread/INFO]: Saving chunks for level 'Novo Mundo'/Overworld
[00:19:32] [Server thread/INFO]: Saving chunks for level 'Novo Mundo'/Nether
[00:19:32] [Server thread/INFO]: Saving chunks for level 'Novo Mundo'/The End
[00:20:16] [Server thread/INFO]: Saving and pausing game...
[00:20:16] [Server thread/INFO]: Saving chunks for level 'Novo Mundo'/Overworld
[00:20:16] [Server thread/INFO]: Saving chunks for level 'Novo Mundo'/Nether
[00:20:16] [Server thread/INFO]: Saving chunks for level 'Novo Mundo'/The End
[00:25:24] [Server thread/WARN]: Can't keep up! Did the system time change, or is the server overloaded? Running 7302ms behind, skipping 146 tick(s)
[00:25:29] [Server thread/INFO]: Saving and pausing game...
[00:25:29] [Server thread/INFO]: Saving chunks for level 'Novo Mundo'/Overworld
[00:25:29] [Server thread/INFO]: Saving chunks for level 'Novo Mundo'/Nether
[00:25:29] [Server thread/INFO]: Saving chunks for level 'Novo Mundo'/The End
[00:25:57] [Server thread/INFO]: Saving and pausing game...
[00:25:57] [Server thread/INFO]: Saving chunks for level 'Novo Mundo'/Overworld
[00:25:57] [Server thread/INFO]: Saving chunks for level 'Novo Mundo'/Nether
[00:25:57] [Server thread/INFO]: Saving chunks for level 'Novo Mundo'/The End
[00:27:04] [Server thread/INFO]: Saving and pausing game...
[00:27:04] [Server thread/INFO]: Saving chunks for level 'Novo Mundo'/Overworld
[00:27:04] [Server thread/INFO]: Saving chunks for level 'Novo Mundo'/Nether
[00:27:04] [Server thread/INFO]: Saving chunks for level 'Novo Mundo'/The End
[00:29:05] [Server thread/INFO]: Saving and pausing game...
[00:29:05] [Server thread/INFO]: Saving chunks for level 'Novo Mundo'/Overworld
[00:29:05] [Server thread/INFO]: Saving chunks for level 'Novo Mundo'/Nether
[00:29:05] [Server thread/INFO]: Saving chunks for level 'Novo Mundo'/The End
[00:38:06] [Server thread/INFO]: Saving and pausing game...
[00:38:06] [Server thread/INFO]: Saving chunks for level 'Novo Mundo'/Overworld
[00:38:06] [Server thread/INFO]: Saving chunks for level 'Novo Mundo'/Nether
[00:38:06] [Server thread/INFO]: Saving chunks for level 'Novo Mundo'/The End
[00:38:32] [Server thread/INFO]: Saving and pausing game...
[00:38:32] [Server thread/INFO]: Saving chunks for level 'Novo Mundo'/Overworld
[00:38:32] [Server thread/INFO]: Saving chunks for level 'Novo Mundo'/Nether
[00:38:32] [Server thread/INFO]: Saving chunks for level 'Novo Mundo'/The End
[00:39:26] [Server thread/INFO]: Stopping server
[00:39:26] [Server thread/INFO]: Saving players
[00:39:26] [Server thread/INFO]: Saving worlds
[00:39:26] [Server thread/INFO]: Saving chunks for level 'Novo Mundo'/Overworld
[00:39:26] [Server thread/INFO]: Saving chunks for level 'Novo Mundo'/Nether
[00:39:26] [Server thread/INFO]: Saving chunks for level 'Novo Mundo'/The End
