[17:29:39] [Client thread/ERROR]: Can't find the resource index file: assets/indexes/1.10.json
[17:29:39] [Client thread/INFO]: Setting user: tiagodinis_
[17:29:46] [Client thread/WARN]: Skipping bad option: lastServer:
[17:29:46] [Client thread/INFO]: LWJGL Version: 2.9.4
[17:29:47] [Client thread/INFO]: Reloading ResourceManager: Default
[17:29:48] [Client thread/WARN]: Missing sound for event: minecraft:ambient.cave
[17:29:48] [Client thread/WARN]: Missing sound for event: minecraft:block.anvil.break
[17:29:48] [Client thread/WARN]: Missing sound for event: minecraft:block.anvil.destroy
[17:29:48] [Client thread/WARN]: Missing sound for event: minecraft:block.anvil.fall
[17:29:48] [Client thread/WARN]: Missing sound for event: minecraft:block.anvil.hit
[17:29:48] [Client thread/WARN]: Missing sound for event: minecraft:block.anvil.land
[17:29:48] [Client thread/WARN]: Missing sound for event: minecraft:block.anvil.place
[17:29:48] [Client thread/WARN]: Missing sound for event: minecraft:block.anvil.step
[17:29:48] [Client thread/WARN]: Missing sound for event: minecraft:block.anvil.use
[17:29:48] [Client thread/WARN]: Missing sound for event: minecraft:block.brewing_stand.brew
[17:29:48] [Client thread/WARN]: Missing sound for event: minecraft:block.chest.close
[17:29:48] [Client thread/WARN]: Missing sound for event: minecraft:block.chest.locked
[17:29:48] [Client thread/WARN]: Missing sound for event: minecraft:block.chest.open
[17:29:48] [Client thread/WARN]: Missing sound for event: minecraft:block.chorus_flower.death
[17:29:48] [Client thread/WARN]: Missing sound for event: minecraft:block.chorus_flower.grow
[17:29:48] [Client thread/WARN]: Missing sound for event: minecraft:block.cloth.break
[17:29:48] [Client thread/WARN]: Missing sound for event: minecraft:block.cloth.fall
[17:29:48] [Client thread/WARN]: Missing sound for event: minecraft:block.cloth.hit
[17:29:48] [Client thread/WARN]: Missing sound for event: minecraft:block.cloth.place
[17:29:48] [Client thread/WARN]: Missing sound for event: minecraft:block.cloth.step
[17:29:48] [Client thread/WARN]: Missing sound for event: minecraft:block.comparator.click
[17:29:48] [Client thread/WARN]: Missing sound for event: minecraft:block.dispenser.dispense
[17:29:48] [Client thread/WARN]: Missing sound for event: minecraft:block.dispenser.fail
[17:29:48] [Client thread/WARN]: Missing sound for event: minecraft:block.dispenser.launch
[17:29:48] [Client thread/WARN]: Missing sound for event: minecraft:block.enchantment_table.use
[17:29:48] [Client thread/WARN]: Missing sound for event: minecraft:block.end_gateway.spawn
[17:29:48] [Client thread/WARN]: Missing sound for event: minecraft:block.enderchest.close
[17:29:48] [Client thread/WARN]: Missing sound for event: minecraft:block.enderchest.open
[17:29:48] [Client thread/WARN]: Missing sound for event: minecraft:block.fence_gate.close
[17:29:48] [Client thread/WARN]: Missing sound for event: minecraft:block.fence_gate.open
[17:29:48] [Client thread/WARN]: Missing sound for event: minecraft:block.fire.ambient
[17:29:48] [Client thread/WARN]: Missing sound for event: minecraft:block.fire.extinguish
[17:29:48] [Client thread/WARN]: Missing sound for event: minecraft:block.furnace.fire_crackle
[17:29:48] [Client thread/WARN]: Missing sound for event: minecraft:block.glass.break
[17:29:48] [Client thread/WARN]: Missing sound for event: minecraft:block.glass.fall
[17:29:48] [Client thread/WARN]: Missing sound for event: minecraft:block.glass.hit
[17:29:48] [Client thread/WARN]: Missing sound for event: minecraft:block.glass.place
[17:29:48] [Client thread/WARN]: Missing sound for event: minecraft:block.glass.step
[17:29:48] [Client thread/WARN]: Missing sound for event: minecraft:block.grass.break
[17:29:48] [Client thread/WARN]: Missing sound for event: minecraft:block.grass.fall
[17:29:48] [Client thread/WARN]: Missing sound for event: minecraft:block.grass.hit
[17:29:48] [Client thread/WARN]: Missing sound for event: minecraft:block.grass.place
[17:29:48] [Client thread/WARN]: Missing sound for event: minecraft:block.grass.step
[17:29:48] [Client thread/WARN]: Missing sound for event: minecraft:block.gravel.break
[17:29:48] [Client thread/WARN]: Missing sound for event: minecraft:block.gravel.fall
[17:29:48] [Client thread/WARN]: Missing sound for event: minecraft:block.gravel.hit
[17:29:48] [Client thread/WARN]: Missing sound for event: minecraft:block.gravel.place
[17:29:48] [Client thread/WARN]: Missing sound for event: minecraft:block.gravel.step
[17:29:48] [Client thread/WARN]: Missing sound for event: minecraft:block.iron_door.close
[17:29:48] [Client thread/WARN]: Missing sound for event: minecraft:block.iron_door.open
[17:29:48] [Client thread/WARN]: Missing sound for event: minecraft:block.iron_trapdoor.close
[17:29:48] [Client thread/WARN]: Missing sound for event: minecraft:block.iron_trapdoor.open
[17:29:48] [Client thread/WARN]: Missing sound for event: minecraft:block.ladder.break
[17:29:48] [Client thread/WARN]: Missing sound for event: minecraft:block.ladder.fall
[17:29:48] [Client thread/WARN]: Missing sound for event: minecraft:block.ladder.hit
[17:29:48] [Client thread/WARN]: Missing sound for event: minecraft:block.ladder.place
[17:29:48] [Client thread/WARN]: Missing sound for event: minecraft:block.ladder.step
[17:29:48] [Client thread/WARN]: Missing sound for event: minecraft:block.lava.ambient
[17:29:48] [Client thread/WARN]: Missing sound for event: minecraft:block.lava.extinguish
[17:29:48] [Client thread/WARN]: Missing sound for event: minecraft:block.lava.pop
[17:29:48] [Client thread/WARN]: Missing sound for event: minecraft:block.lever.click
[17:29:48] [Client thread/WARN]: Missing sound for event: minecraft:block.metal.break
[17:29:48] [Client thread/WARN]: Missing sound for event: minecraft:block.metal.fall
[17:29:48] [Client thread/WARN]: Missing sound for event: minecraft:block.metal.hit
[17:29:48] [Client thread/WARN]: Missing sound for event: minecraft:block.metal.place
[17:29:48] [Client thread/WARN]: Missing sound for event: minecraft:block.metal.step
[17:29:48] [Client thread/WARN]: Missing sound for event: minecraft:block.metal_pressureplate.click_off
[17:29:48] [Client thread/WARN]: Missing sound for event: minecraft:block.metal_pressureplate.click_on
[17:29:48] [Client thread/WARN]: Missing sound for event: minecraft:block.note.basedrum
[17:29:48] [Client thread/WARN]: Missing sound for event: minecraft:block.note.bass
[17:29:48] [Client thread/WARN]: Missing sound for event: minecraft:block.note.harp
[17:29:48] [Client thread/WARN]: Missing sound for event: minecraft:block.note.hat
[17:29:48] [Client thread/WARN]: Missing sound for event: minecraft:block.note.pling
[17:29:48] [Client thread/WARN]: Missing sound for event: minecraft:block.note.snare
[17:29:48] [Client thread/WARN]: Missing sound for event: minecraft:block.piston.contract
[17:29:48] [Client thread/WARN]: Missing sound for event: minecraft:block.piston.extend
[17:29:48] [Client thread/WARN]: Missing sound for event: minecraft:block.portal.ambient
[17:29:48] [Client thread/WARN]: Missing sound for event: minecraft:block.portal.travel
[17:29:48] [Client thread/WARN]: Missing sound for event: minecraft:block.portal.trigger
[17:29:48] [Client thread/WARN]: Missing sound for event: minecraft:block.redstone_torch.burnout
[17:29:48] [Client thread/WARN]: Missing sound for event: minecraft:block.sand.break
[17:29:48] [Client thread/WARN]: Missing sound for event: minecraft:block.sand.fall
[17:29:48] [Client thread/WARN]: Missing sound for event: minecraft:block.sand.hit
[17:29:48] [Client thread/WARN]: Missing sound for event: minecraft:block.sand.place
[17:29:48] [Client thread/WARN]: Missing sound for event: minecraft:block.sand.step
[17:29:48] [Client thread/WARN]: Missing sound for event: minecraft:block.slime.break
[17:29:48] [Client thread/WARN]: Missing sound for event: minecraft:block.slime.fall
[17:29:48] [Client thread/WARN]: Missing sound for event: minecraft:block.slime.hit
[17:29:48] [Client thread/WARN]: Missing sound for event: minecraft:block.slime.place
[17:29:48] [Client thread/WARN]: Missing sound for event: minecraft:block.slime.step
[17:29:48] [Client thread/WARN]: Missing sound for event: minecraft:block.snow.break
[17:29:48] [Client thread/WARN]: Missing sound for event: minecraft:block.snow.fall
[17:29:48] [Client thread/WARN]: Missing sound for event: minecraft:block.snow.hit
[17:29:48] [Client thread/WARN]: Missing sound for event: minecraft:block.snow.place
[17:29:48] [Client thread/WARN]: Missing sound for event: minecraft:block.snow.step
[17:29:48] [Client thread/WARN]: Missing sound for event: minecraft:block.stone.break
[17:29:48] [Client thread/WARN]: Missing sound for event: minecraft:block.stone.fall
[17:29:48] [Client thread/WARN]: Missing sound for event: minecraft:block.stone.hit
[17:29:48] [Client thread/WARN]: Missing sound for event: minecraft:block.stone.place
[17:29:48] [Client thread/WARN]: Missing sound for event: minecraft:block.stone.step
[17:29:48] [Client thread/WARN]: Missing sound for event: minecraft:block.stone_button.click_off
[17:29:48] [Client thread/WARN]: Missing sound for event: minecraft:block.stone_button.click_on
[17:29:48] [Client thread/WARN]: Missing sound for event: minecraft:block.stone_pressureplate.click_off
[17:29:48] [Client thread/WARN]: Missing sound for event: minecraft:block.stone_pressureplate.click_on
[17:29:48] [Client thread/WARN]: Missing sound for event: minecraft:block.tripwire.attach
[17:29:48] [Client thread/WARN]: Missing sound for event: minecraft:block.tripwire.click_off
[17:29:48] [Client thread/WARN]: Missing sound for event: minecraft:block.tripwire.click_on
[17:29:48] [Client thread/WARN]: Missing sound for event: minecraft:block.tripwire.detach
[17:29:48] [Client thread/WARN]: Missing sound for event: minecraft:block.water.ambient
[17:29:48] [Client thread/WARN]: Missing sound for event: minecraft:block.waterlily.place
[17:29:48] [Client thread/WARN]: Missing sound for event: minecraft:block.wood.break
[17:29:48] [Client thread/WARN]: Missing sound for event: minecraft:block.wood.fall
[17:29:48] [Client thread/WARN]: Missing sound for event: minecraft:block.wood.hit
[17:29:48] [Client thread/WARN]: Missing sound for event: minecraft:block.wood.place
[17:29:48] [Client thread/WARN]: Missing sound for event: minecraft:block.wood.step
[17:29:48] [Client thread/WARN]: Missing sound for event: minecraft:block.wood_button.click_off
[17:29:48] [Client thread/WARN]: Missing sound for event: minecraft:block.wood_button.click_on
[17:29:48] [Client thread/WARN]: Missing sound for event: minecraft:block.wood_pressureplate.click_off
[17:29:48] [Client thread/WARN]: Missing sound for event: minecraft:block.wood_pressureplate.click_on
[17:29:48] [Client thread/WARN]: Missing sound for event: minecraft:block.wooden_door.close
[17:29:48] [Client thread/WARN]: Missing sound for event: minecraft:block.wooden_door.open
[17:29:48] [Client thread/WARN]: Missing sound for event: minecraft:block.wooden_trapdoor.close
[17:29:48] [Client thread/WARN]: Missing sound for event: minecraft:block.wooden_trapdoor.open
[17:29:48] [Client thread/WARN]: Missing sound for event: minecraft:enchant.thorns.hit
[17:29:48] [Client thread/WARN]: Missing sound for event: minecraft:entity.armorstand.break
[17:29:48] [Client thread/WARN]: Missing sound for event: minecraft:entity.armorstand.fall
[17:29:48] [Client thread/WARN]: Missing sound for event: minecraft:entity.armorstand.hit
[17:29:48] [Client thread/WARN]: Missing sound for event: minecraft:entity.armorstand.place
[17:29:48] [Client thread/WARN]: Missing sound for event: minecraft:entity.arrow.hit
[17:29:48] [Client thread/WARN]: Missing sound for event: minecraft:entity.arrow.hit_player
[17:29:48] [Client thread/WARN]: Missing sound for event: minecraft:entity.arrow.shoot
[17:29:48] [Client thread/WARN]: Missing sound for event: minecraft:entity.bat.ambient
[17:29:48] [Client thread/WARN]: Missing sound for event: minecraft:entity.bat.death
[17:29:48] [Client thread/WARN]: Missing sound for event: minecraft:entity.bat.hurt
[17:29:48] [Client thread/WARN]: Missing sound for event: minecraft:entity.bat.loop
[17:29:48] [Client thread/WARN]: Missing sound for event: minecraft:entity.bat.takeoff
[17:29:48] [Client thread/WARN]: Missing sound for event: minecraft:entity.blaze.ambient
[17:29:48] [Client thread/WARN]: Missing sound for event: minecraft:entity.blaze.burn
[17:29:48] [Client thread/WARN]: Missing sound for event: minecraft:entity.blaze.death
[17:29:48] [Client thread/WARN]: Missing sound for event: minecraft:entity.blaze.hurt
[17:29:48] [Client thread/WARN]: Missing sound for event: minecraft:entity.blaze.shoot
[17:29:48] [Client thread/WARN]: Missing sound for event: minecraft:entity.bobber.splash
[17:29:48] [Client thread/WARN]: Missing sound for event: minecraft:entity.bobber.throw
[17:29:48] [Client thread/WARN]: Missing sound for event: minecraft:entity.cat.ambient
[17:29:48] [Client thread/WARN]: Missing sound for event: minecraft:entity.cat.death
[17:29:48] [Client thread/WARN]: Missing sound for event: minecraft:entity.cat.hiss
[17:29:48] [Client thread/WARN]: Missing sound for event: minecraft:entity.cat.hurt
[17:29:48] [Client thread/WARN]: Missing sound for event: minecraft:entity.cat.purr
[17:29:48] [Client thread/WARN]: Missing sound for event: minecraft:entity.cat.purreow
[17:29:48] [Client thread/WARN]: Missing sound for event: minecraft:entity.chicken.ambient
[17:29:48] [Client thread/WARN]: Missing sound for event: minecraft:entity.chicken.death
[17:29:48] [Client thread/WARN]: Missing sound for event: minecraft:entity.chicken.egg
[17:29:48] [Client thread/WARN]: Missing sound for event: minecraft:entity.chicken.hurt
[17:29:48] [Client thread/WARN]: Missing sound for event: minecraft:entity.chicken.step
[17:29:48] [Client thread/WARN]: Missing sound for event: minecraft:entity.cow.ambient
[17:29:48] [Client thread/WARN]: Missing sound for event: minecraft:entity.cow.death
[17:29:48] [Client thread/WARN]: Missing sound for event: minecraft:entity.cow.hurt
[17:29:48] [Client thread/WARN]: Missing sound for event: minecraft:entity.cow.milk
[17:29:48] [Client thread/WARN]: Missing sound for event: minecraft:entity.cow.step
[17:29:48] [Client thread/WARN]: Missing sound for event: minecraft:entity.creeper.death
[17:29:48] [Client thread/WARN]: Missing sound for event: minecraft:entity.creeper.hurt
[17:29:48] [Client thread/WARN]: Missing sound for event: minecraft:entity.creeper.primed
[17:29:48] [Client thread/WARN]: Missing sound for event: minecraft:entity.donkey.ambient
[17:29:48] [Client thread/WARN]: Missing sound for event: minecraft:entity.donkey.angry
[17:29:48] [Client thread/WARN]: Missing sound for event: minecraft:entity.donkey.chest
[17:29:48] [Client thread/WARN]: Missing sound for event: minecraft:entity.donkey.death
[17:29:48] [Client thread/WARN]: Missing sound for event: minecraft:entity.donkey.hurt
[17:29:48] [Client thread/WARN]: Missing sound for event: minecraft:entity.egg.throw
[17:29:48] [Client thread/WARN]: Missing sound for event: minecraft:entity.elder_guardian.ambient
[17:29:48] [Client thread/WARN]: Missing sound for event: minecraft:entity.elder_guardian.ambient_land
[17:29:48] [Client thread/WARN]: Missing sound for event: minecraft:entity.elder_guardian.curse
[17:29:48] [Client thread/WARN]: Missing sound for event: minecraft:entity.elder_guardian.death
[17:29:48] [Client thread/WARN]: Missing sound for event: minecraft:entity.elder_guardian.death_land
[17:29:48] [Client thread/WARN]: Missing sound for event: minecraft:entity.elder_guardian.hurt
[17:29:48] [Client thread/WARN]: Missing sound for event: minecraft:entity.elder_guardian.hurt_land
[17:29:48] [Client thread/WARN]: Missing sound for event: minecraft:entity.enderdragon.ambient
[17:29:48] [Client thread/WARN]: Missing sound for event: minecraft:entity.enderdragon.death
[17:29:48] [Client thread/WARN]: Missing sound for event: minecraft:entity.enderdragon.flap
[17:29:48] [Client thread/WARN]: Missing sound for event: minecraft:entity.enderdragon.growl
[17:29:48] [Client thread/WARN]: Missing sound for event: minecraft:entity.enderdragon.hurt
[17:29:48] [Client thread/WARN]: Missing sound for event: minecraft:entity.enderdragon.shoot
[17:29:48] [Client thread/WARN]: Missing sound for event: minecraft:entity.enderdragon_fireball.explode
[17:29:48] [Client thread/WARN]: Missing sound for event: minecraft:entity.endereye.launch
[17:29:48] [Client thread/WARN]: Missing sound for event: minecraft:entity.endermen.ambient
[17:29:48] [Client thread/WARN]: Missing sound for event: minecraft:entity.endermen.death
[17:29:48] [Client thread/WARN]: Missing sound for event: minecraft:entity.endermen.hurt
[17:29:48] [Client thread/WARN]: Missing sound for event: minecraft:entity.endermen.scream
[17:29:48] [Client thread/WARN]: Missing sound for event: minecraft:entity.endermen.stare
[17:29:48] [Client thread/WARN]: Missing sound for event: minecraft:entity.endermen.teleport
[17:29:48] [Client thread/WARN]: Missing sound for event: minecraft:entity.endermite.ambient
[17:29:48] [Client thread/WARN]: Missing sound for event: minecraft:entity.endermite.death
[17:29:48] [Client thread/WARN]: Missing sound for event: minecraft:entity.endermite.hurt
[17:29:48] [Client thread/WARN]: Missing sound for event: minecraft:entity.endermite.step
[17:29:48] [Client thread/WARN]: Missing sound for event: minecraft:entity.enderpearl.throw
[17:29:48] [Client thread/WARN]: Missing sound for event: minecraft:entity.experience_bottle.throw
[17:29:48] [Client thread/WARN]: Missing sound for event: minecraft:entity.experience_orb.pickup
[17:29:48] [Client thread/WARN]: Missing sound for event: minecraft:entity.experience_orb.touch
[17:29:48] [Client thread/WARN]: Missing sound for event: minecraft:entity.firework.blast
[17:29:48] [Client thread/WARN]: Missing sound for event: minecraft:entity.firework.blast_far
[17:29:48] [Client thread/WARN]: Missing sound for event: minecraft:entity.firework.large_blast
[17:29:48] [Client thread/WARN]: Missing sound for event: minecraft:entity.firework.large_blast_far
[17:29:48] [Client thread/WARN]: Missing sound for event: minecraft:entity.firework.launch
[17:29:48] [Client thread/WARN]: Missing sound for event: minecraft:entity.firework.shoot
[17:29:48] [Client thread/WARN]: Missing sound for event: minecraft:entity.firework.twinkle
[17:29:48] [Client thread/WARN]: Missing sound for event: minecraft:entity.firework.twinkle_far
[17:29:48] [Client thread/WARN]: Missing sound for event: minecraft:entity.generic.big_fall
[17:29:48] [Client thread/WARN]: Missing sound for event: minecraft:entity.generic.burn
[17:29:48] [Client thread/WARN]: Missing sound for event: minecraft:entity.generic.death
[17:29:48] [Client thread/WARN]: Missing sound for event: minecraft:entity.generic.drink
[17:29:48] [Client thread/WARN]: Missing sound for event: minecraft:entity.generic.eat
[17:29:48] [Client thread/WARN]: Missing sound for event: minecraft:entity.generic.explode
[17:29:48] [Client thread/WARN]: Missing sound for event: minecraft:entity.generic.extinguish_fire
[17:29:48] [Client thread/WARN]: Missing sound for event: minecraft:entity.generic.hurt
[17:29:48] [Client thread/WARN]: Missing sound for event: minecraft:entity.generic.small_fall
[17:29:48] [Client thread/WARN]: Missing sound for event: minecraft:entity.generic.splash
[17:29:48] [Client thread/WARN]: Missing sound for event: minecraft:entity.generic.swim
[17:29:48] [Client thread/WARN]: Missing sound for event: minecraft:entity.ghast.ambient
[17:29:48] [Client thread/WARN]: Missing sound for event: minecraft:entity.ghast.death
[17:29:48] [Client thread/WARN]: Missing sound for event: minecraft:entity.ghast.hurt
[17:29:48] [Client thread/WARN]: Missing sound for event: minecraft:entity.ghast.scream
[17:29:48] [Client thread/WARN]: Missing sound for event: minecraft:entity.ghast.shoot
[17:29:48] [Client thread/WARN]: Missing sound for event: minecraft:entity.ghast.warn
[17:29:48] [Client thread/WARN]: Missing sound for event: minecraft:entity.guardian.ambient
[17:29:48] [Client thread/WARN]: Missing sound for event: minecraft:entity.guardian.ambient_land
[17:29:48] [Client thread/WARN]: Missing sound for event: minecraft:entity.guardian.attack
[17:29:48] [Client thread/WARN]: Missing sound for event: minecraft:entity.guardian.death
[17:29:48] [Client thread/WARN]: Missing sound for event: minecraft:entity.guardian.death_land
[17:29:48] [Client thread/WARN]: Missing sound for event: minecraft:entity.guardian.flop
[17:29:48] [Client thread/WARN]: Missing sound for event: minecraft:entity.guardian.hurt
[17:29:48] [Client thread/WARN]: Missing sound for event: minecraft:entity.guardian.hurt_land
[17:29:48] [Client thread/WARN]: Missing sound for event: minecraft:entity.horse.ambient
[17:29:48] [Client thread/WARN]: Missing sound for event: minecraft:entity.horse.angry
[17:29:48] [Client thread/WARN]: Missing sound for event: minecraft:entity.horse.armor
[17:29:48] [Client thread/WARN]: Missing sound for event: minecraft:entity.horse.breathe
[17:29:48] [Client thread/WARN]: Missing sound for event: minecraft:entity.horse.death
[17:29:48] [Client thread/WARN]: Missing sound for event: minecraft:entity.horse.eat
[17:29:48] [Client thread/WARN]: Missing sound for event: minecraft:entity.horse.gallop
[17:29:48] [Client thread/WARN]: Missing sound for event: minecraft:entity.horse.hurt
[17:29:48] [Client thread/WARN]: Missing sound for event: minecraft:entity.horse.jump
[17:29:48] [Client thread/WARN]: Missing sound for event: minecraft:entity.horse.land
[17:29:48] [Client thread/WARN]: Missing sound for event: minecraft:entity.horse.saddle
[17:29:48] [Client thread/WARN]: Missing sound for event: minecraft:entity.horse.step
[17:29:48] [Client thread/WARN]: Missing sound for event: minecraft:entity.horse.step_wood
[17:29:48] [Client thread/WARN]: Missing sound for event: minecraft:entity.hostile.big_fall
[17:29:48] [Client thread/WARN]: Missing sound for event: minecraft:entity.hostile.death
[17:29:48] [Client thread/WARN]: Missing sound for event: minecraft:entity.hostile.hurt
[17:29:48] [Client thread/WARN]: Missing sound for event: minecraft:entity.hostile.small_fall
[17:29:48] [Client thread/WARN]: Missing sound for event: minecraft:entity.hostile.splash
[17:29:48] [Client thread/WARN]: Missing sound for event: minecraft:entity.hostile.swim
[17:29:48] [Client thread/WARN]: Missing sound for event: minecraft:entity.husk.ambient
[17:29:48] [Client thread/WARN]: Missing sound for event: minecraft:entity.husk.death
[17:29:48] [Client thread/WARN]: Missing sound for event: minecraft:entity.husk.hurt
[17:29:48] [Client thread/WARN]: Missing sound for event: minecraft:entity.husk.step
[17:29:48] [Client thread/WARN]: Missing sound for event: minecraft:entity.irongolem.attack
[17:29:48] [Client thread/WARN]: Missing sound for event: minecraft:entity.irongolem.death
[17:29:48] [Client thread/WARN]: Missing sound for event: minecraft:entity.irongolem.hurt
[17:29:48] [Client thread/WARN]: Missing sound for event: minecraft:entity.irongolem.step
[17:29:48] [Client thread/WARN]: Missing sound for event: minecraft:entity.item.break
[17:29:48] [Client thread/WARN]: Missing sound for event: minecraft:entity.item.pickup
[17:29:48] [Client thread/WARN]: Missing sound for event: minecraft:entity.itemframe.add_item
[17:29:48] [Client thread/WARN]: Missing sound for event: minecraft:entity.itemframe.break
[17:29:48] [Client thread/WARN]: Missing sound for event: minecraft:entity.itemframe.place
[17:29:48] [Client thread/WARN]: Missing sound for event: minecraft:entity.itemframe.remove_item
[17:29:48] [Client thread/WARN]: Missing sound for event: minecraft:entity.itemframe.rotate_item
[17:29:48] [Client thread/WARN]: Missing sound for event: minecraft:entity.leashknot.break
[17:29:48] [Client thread/WARN]: Missing sound for event: minecraft:entity.leashknot.place
[17:29:48] [Client thread/WARN]: Missing sound for event: minecraft:entity.lightning.impact
[17:29:48] [Client thread/WARN]: Missing sound for event: minecraft:entity.lightning.thunder
[17:29:48] [Client thread/WARN]: Missing sound for event: minecraft:entity.lingeringpotion.throw
[17:29:48] [Client thread/WARN]: Missing sound for event: minecraft:entity.magmacube.death
[17:29:48] [Client thread/WARN]: Missing sound for event: minecraft:entity.magmacube.hurt
[17:29:48] [Client thread/WARN]: Missing sound for event: minecraft:entity.magmacube.jump
[17:29:48] [Client thread/WARN]: Missing sound for event: minecraft:entity.magmacube.squish
[17:29:48] [Client thread/WARN]: Missing sound for event: minecraft:entity.minecart.inside
[17:29:48] [Client thread/WARN]: Missing sound for event: minecraft:entity.minecart.riding
[17:29:48] [Client thread/WARN]: Missing sound for event: minecraft:entity.mooshroom.shear
[17:29:48] [Client thread/WARN]: Missing sound for event: minecraft:entity.mule.ambient
[17:29:48] [Client thread/WARN]: Missing sound for event: minecraft:entity.mule.death
[17:29:48] [Client thread/WARN]: Missing sound for event: minecraft:entity.mule.hurt
[17:29:48] [Client thread/WARN]: Missing sound for event: minecraft:entity.painting.break
[17:29:48] [Client thread/WARN]: Missing sound for event: minecraft:entity.painting.place
[17:29:48] [Client thread/WARN]: Missing sound for event: minecraft:entity.pig.ambient
[17:29:48] [Client thread/WARN]: Missing sound for event: minecraft:entity.pig.death
[17:29:48] [Client thread/WARN]: Missing sound for event: minecraft:entity.pig.hurt
[17:29:48] [Client thread/WARN]: Missing sound for event: minecraft:entity.pig.saddle
[17:29:48] [Client thread/WARN]: Missing sound for event: minecraft:entity.pig.step
[17:29:48] [Client thread/WARN]: Missing sound for event: minecraft:entity.player.attack.crit
[17:29:48] [Client thread/WARN]: Missing sound for event: minecraft:entity.player.attack.knockback
[17:29:48] [Client thread/WARN]: Missing sound for event: minecraft:entity.player.attack.nodamage
[17:29:48] [Client thread/WARN]: Missing sound for event: minecraft:entity.player.attack.strong
[17:29:48] [Client thread/WARN]: Missing sound for event: minecraft:entity.player.attack.sweep
[17:29:48] [Client thread/WARN]: Missing sound for event: minecraft:entity.player.attack.weak
[17:29:48] [Client thread/WARN]: Missing sound for event: minecraft:entity.player.big_fall
[17:29:48] [Client thread/WARN]: Missing sound for event: minecraft:entity.player.breath
[17:29:48] [Client thread/WARN]: Missing sound for event: minecraft:entity.player.burp
[17:29:48] [Client thread/WARN]: Missing sound for event: minecraft:entity.player.death
[17:29:48] [Client thread/WARN]: Missing sound for event: minecraft:entity.player.hurt
[17:29:48] [Client thread/WARN]: Missing sound for event: minecraft:entity.player.levelup
[17:29:48] [Client thread/WARN]: Missing sound for event: minecraft:entity.player.small_fall
[17:29:48] [Client thread/WARN]: Missing sound for event: minecraft:entity.player.splash
[17:29:48] [Client thread/WARN]: Missing sound for event: minecraft:entity.player.swim
[17:29:48] [Client thread/WARN]: Missing sound for event: minecraft:entity.polar_bear.ambient
[17:29:48] [Client thread/WARN]: Missing sound for event: minecraft:entity.polar_bear.baby_ambient
[17:29:48] [Client thread/WARN]: Missing sound for event: minecraft:entity.polar_bear.death
[17:29:48] [Client thread/WARN]: Missing sound for event: minecraft:entity.polar_bear.hurt
[17:29:48] [Client thread/WARN]: Missing sound for event: minecraft:entity.polar_bear.step
[17:29:48] [Client thread/WARN]: Missing sound for event: minecraft:entity.polar_bear.warning
[17:29:48] [Client thread/WARN]: Missing sound for event: minecraft:entity.rabbit.ambient
[17:29:48] [Client thread/WARN]: Missing sound for event: minecraft:entity.rabbit.attack
[17:29:48] [Client thread/WARN]: Missing sound for event: minecraft:entity.rabbit.death
[17:29:48] [Client thread/WARN]: Missing sound for event: minecraft:entity.rabbit.hurt
[17:29:48] [Client thread/WARN]: Missing sound for event: minecraft:entity.rabbit.jump
[17:29:48] [Client thread/WARN]: Missing sound for event: minecraft:entity.sheep.ambient
[17:29:48] [Client thread/WARN]: Missing sound for event: minecraft:entity.sheep.death
[17:29:48] [Client thread/WARN]: Missing sound for event: minecraft:entity.sheep.hurt
[17:29:48] [Client thread/WARN]: Missing sound for event: minecraft:entity.sheep.shear
[17:29:48] [Client thread/WARN]: Missing sound for event: minecraft:entity.sheep.step
[17:29:48] [Client thread/WARN]: Missing sound for event: minecraft:entity.shulker.ambient
[17:29:48] [Client thread/WARN]: Missing sound for event: minecraft:entity.shulker.close
[17:29:48] [Client thread/WARN]: Missing sound for event: minecraft:entity.shulker.death
[17:29:48] [Client thread/WARN]: Missing sound for event: minecraft:entity.shulker.hurt
[17:29:48] [Client thread/WARN]: Missing sound for event: minecraft:entity.shulker.hurt_closed
[17:29:48] [Client thread/WARN]: Missing sound for event: minecraft:entity.shulker.open
[17:29:48] [Client thread/WARN]: Missing sound for event: minecraft:entity.shulker.shoot
[17:29:48] [Client thread/WARN]: Missing sound for event: minecraft:entity.shulker.teleport
[17:29:48] [Client thread/WARN]: Missing sound for event: minecraft:entity.shulker_bullet.hit
[17:29:48] [Client thread/WARN]: Missing sound for event: minecraft:entity.shulker_bullet.hurt
[17:29:48] [Client thread/WARN]: Missing sound for event: minecraft:entity.silverfish.ambient
[17:29:48] [Client thread/WARN]: Missing sound for event: minecraft:entity.silverfish.death
[17:29:48] [Client thread/WARN]: Missing sound for event: minecraft:entity.silverfish.hurt
[17:29:48] [Client thread/WARN]: Missing sound for event: minecraft:entity.silverfish.step
[17:29:48] [Client thread/WARN]: Missing sound for event: minecraft:entity.skeleton.ambient
[17:29:48] [Client thread/WARN]: Missing sound for event: minecraft:entity.skeleton.death
[17:29:48] [Client thread/WARN]: Missing sound for event: minecraft:entity.skeleton.hurt
[17:29:48] [Client thread/WARN]: Missing sound for event: minecraft:entity.skeleton.shoot
[17:29:48] [Client thread/WARN]: Missing sound for event: minecraft:entity.skeleton.step
[17:29:48] [Client thread/WARN]: Missing sound for event: minecraft:entity.skeleton_horse.ambient
[17:29:48] [Client thread/WARN]: Missing sound for event: minecraft:entity.skeleton_horse.death
[17:29:48] [Client thread/WARN]: Missing sound for event: minecraft:entity.skeleton_horse.hurt
[17:29:48] [Client thread/WARN]: Missing sound for event: minecraft:entity.slime.attack
[17:29:48] [Client thread/WARN]: Missing sound for event: minecraft:entity.slime.death
[17:29:48] [Client thread/WARN]: Missing sound for event: minecraft:entity.slime.hurt
[17:29:48] [Client thread/WARN]: Missing sound for event: minecraft:entity.slime.jump
[17:29:48] [Client thread/WARN]: Missing sound for event: minecraft:entity.slime.squish
[17:29:48] [Client thread/WARN]: Missing sound for event: minecraft:entity.small_magmacube.death
[17:29:48] [Client thread/WARN]: Missing sound for event: minecraft:entity.small_magmacube.hurt
[17:29:48] [Client thread/WARN]: Missing sound for event: minecraft:entity.small_magmacube.squish
[17:29:48] [Client thread/WARN]: Missing sound for event: minecraft:entity.small_slime.death
[17:29:48] [Client thread/WARN]: Missing sound for event: minecraft:entity.small_slime.hurt
[17:29:48] [Client thread/WARN]: Missing sound for event: minecraft:entity.small_slime.jump
[17:29:48] [Client thread/WARN]: Missing sound for event: minecraft:entity.small_slime.squish
[17:29:48] [Client thread/WARN]: Missing sound for event: minecraft:entity.snowball.throw
[17:29:48] [Client thread/WARN]: Missing sound for event: minecraft:entity.snowman.ambient
[17:29:48] [Client thread/WARN]: Missing sound for event: minecraft:entity.snowman.death
[17:29:48] [Client thread/WARN]: Missing sound for event: minecraft:entity.snowman.hurt
[17:29:48] [Client thread/WARN]: Missing sound for event: minecraft:entity.snowman.shoot
[17:29:48] [Client thread/WARN]: Missing sound for event: minecraft:entity.spider.ambient
[17:29:48] [Client thread/WARN]: Missing sound for event: minecraft:entity.spider.death
[17:29:48] [Client thread/WARN]: Missing sound for event: minecraft:entity.spider.hurt
[17:29:48] [Client thread/WARN]: Missing sound for event: minecraft:entity.spider.step
[17:29:48] [Client thread/WARN]: Missing sound for event: minecraft:entity.splash_potion.break
[17:29:48] [Client thread/WARN]: Missing sound for event: minecraft:entity.splash_potion.throw
[17:29:48] [Client thread/WARN]: Missing sound for event: minecraft:entity.squid.ambient
[17:29:48] [Client thread/WARN]: Missing sound for event: minecraft:entity.squid.death
[17:29:48] [Client thread/WARN]: Missing sound for event: minecraft:entity.squid.hurt
[17:29:48] [Client thread/WARN]: Missing sound for event: minecraft:entity.stray.ambient
[17:29:48] [Client thread/WARN]: Missing sound for event: minecraft:entity.stray.death
[17:29:48] [Client thread/WARN]: Missing sound for event: minecraft:entity.stray.hurt
[17:29:48] [Client thread/WARN]: Missing sound for event: minecraft:entity.stray.step
[17:29:48] [Client thread/WARN]: Missing sound for event: minecraft:entity.tnt.primed
[17:29:48] [Client thread/WARN]: Missing sound for event: minecraft:entity.villager.ambient
[17:29:48] [Client thread/WARN]: Missing sound for event: minecraft:entity.villager.death
[17:29:48] [Client thread/WARN]: Missing sound for event: minecraft:entity.villager.hurt
[17:29:48] [Client thread/WARN]: Missing sound for event: minecraft:entity.villager.no
[17:29:48] [Client thread/WARN]: Missing sound for event: minecraft:entity.villager.trading
[17:29:48] [Client thread/WARN]: Missing sound for event: minecraft:entity.villager.yes
[17:29:48] [Client thread/WARN]: Missing sound for event: minecraft:entity.witch.ambient
[17:29:48] [Client thread/WARN]: Missing sound for event: minecraft:entity.witch.death
[17:29:48] [Client thread/WARN]: Missing sound for event: minecraft:entity.witch.drink
[17:29:48] [Client thread/WARN]: Missing sound for event: minecraft:entity.witch.hurt
[17:29:48] [Client thread/WARN]: Missing sound for event: minecraft:entity.witch.throw
[17:29:48] [Client thread/WARN]: Missing sound for event: minecraft:entity.wither.ambient
[17:29:48] [Client thread/WARN]: Missing sound for event: minecraft:entity.wither.break_block
[17:29:48] [Client thread/WARN]: Missing sound for event: minecraft:entity.wither.death
[17:29:48] [Client thread/WARN]: Missing sound for event: minecraft:entity.wither.hurt
[17:29:48] [Client thread/WARN]: Missing sound for event: minecraft:entity.wither.shoot
[17:29:48] [Client thread/WARN]: Missing sound for event: minecraft:entity.wither.spawn
[17:29:48] [Client thread/WARN]: Missing sound for event: minecraft:entity.wither_skeleton.ambient
[17:29:48] [Client thread/WARN]: Missing sound for event: minecraft:entity.wither_skeleton.death
[17:29:48] [Client thread/WARN]: Missing sound for event: minecraft:entity.wither_skeleton.hurt
[17:29:48] [Client thread/WARN]: Missing sound for event: minecraft:entity.wither_skeleton.step
[17:29:48] [Client thread/WARN]: Missing sound for event: minecraft:entity.wolf.ambient
[17:29:48] [Client thread/WARN]: Missing sound for event: minecraft:entity.wolf.death
[17:29:48] [Client thread/WARN]: Missing sound for event: minecraft:entity.wolf.growl
[17:29:48] [Client thread/WARN]: Missing sound for event: minecraft:entity.wolf.howl
[17:29:48] [Client thread/WARN]: Missing sound for event: minecraft:entity.wolf.hurt
[17:29:48] [Client thread/WARN]: Missing sound for event: minecraft:entity.wolf.pant
[17:29:48] [Client thread/WARN]: Missing sound for event: minecraft:entity.wolf.shake
[17:29:48] [Client thread/WARN]: Missing sound for event: minecraft:entity.wolf.step
[17:29:48] [Client thread/WARN]: Missing sound for event: minecraft:entity.wolf.whine
[17:29:48] [Client thread/WARN]: Missing sound for event: minecraft:entity.zombie.ambient
[17:29:48] [Client thread/WARN]: Missing sound for event: minecraft:entity.zombie.attack_door_wood
[17:29:48] [Client thread/WARN]: Missing sound for event: minecraft:entity.zombie.attack_iron_door
[17:29:48] [Client thread/WARN]: Missing sound for event: minecraft:entity.zombie.break_door_wood
[17:29:48] [Client thread/WARN]: Missing sound for event: minecraft:entity.zombie.death
[17:29:48] [Client thread/WARN]: Missing sound for event: minecraft:entity.zombie.hurt
[17:29:48] [Client thread/WARN]: Missing sound for event: minecraft:entity.zombie.infect
[17:29:48] [Client thread/WARN]: Missing sound for event: minecraft:entity.zombie.step
[17:29:48] [Client thread/WARN]: Missing sound for event: minecraft:entity.zombie_horse.ambient
[17:29:48] [Client thread/WARN]: Missing sound for event: minecraft:entity.zombie_horse.death
[17:29:48] [Client thread/WARN]: Missing sound for event: minecraft:entity.zombie_horse.hurt
[17:29:48] [Client thread/WARN]: Missing sound for event: minecraft:entity.zombie_pig.ambient
[17:29:48] [Client thread/WARN]: Missing sound for event: minecraft:entity.zombie_pig.angry
[17:29:48] [Client thread/WARN]: Missing sound for event: minecraft:entity.zombie_pig.death
[17:29:48] [Client thread/WARN]: Missing sound for event: minecraft:entity.zombie_pig.hurt
[17:29:48] [Client thread/WARN]: Missing sound for event: minecraft:entity.zombie_villager.ambient
[17:29:48] [Client thread/WARN]: Missing sound for event: minecraft:entity.zombie_villager.converted
[17:29:48] [Client thread/WARN]: Missing sound for event: minecraft:entity.zombie_villager.cure
[17:29:48] [Client thread/WARN]: Missing sound for event: minecraft:entity.zombie_villager.death
[17:29:48] [Client thread/WARN]: Missing sound for event: minecraft:entity.zombie_villager.hurt
[17:29:48] [Client thread/WARN]: Missing sound for event: minecraft:entity.zombie_villager.step
[17:29:48] [Client thread/WARN]: Missing sound for event: minecraft:item.armor.equip_chain
[17:29:48] [Client thread/WARN]: Missing sound for event: minecraft:item.armor.equip_diamond
[17:29:48] [Client thread/WARN]: Missing sound for event: minecraft:item.armor.equip_generic
[17:29:48] [Client thread/WARN]: Missing sound for event: minecraft:item.armor.equip_gold
[17:29:48] [Client thread/WARN]: Missing sound for event: minecraft:item.armor.equip_iron
[17:29:48] [Client thread/WARN]: Missing sound for event: minecraft:item.armor.equip_leather
[17:29:48] [Client thread/WARN]: Missing sound for event: minecraft:item.bottle.fill
[17:29:48] [Client thread/WARN]: Missing sound for event: minecraft:item.bottle.fill_dragonbreath
[17:29:48] [Client thread/WARN]: Missing sound for event: minecraft:item.bucket.empty
[17:29:48] [Client thread/WARN]: Missing sound for event: minecraft:item.bucket.empty_lava
[17:29:48] [Client thread/WARN]: Missing sound for event: minecraft:item.bucket.fill
[17:29:48] [Client thread/WARN]: Missing sound for event: minecraft:item.bucket.fill_lava
[17:29:48] [Client thread/WARN]: Missing sound for event: minecraft:item.chorus_fruit.teleport
[17:29:48] [Client thread/WARN]: Missing sound for event: minecraft:item.elytra.flying
[17:29:48] [Client thread/WARN]: Missing sound for event: minecraft:item.firecharge.use
[17:29:48] [Client thread/WARN]: Missing sound for event: minecraft:item.flintandsteel.use
[17:29:48] [Client thread/WARN]: Missing sound for event: minecraft:item.hoe.till
[17:29:48] [Client thread/WARN]: Missing sound for event: minecraft:item.shield.block
[17:29:48] [Client thread/WARN]: Missing sound for event: minecraft:item.shield.break
[17:29:48] [Client thread/WARN]: Missing sound for event: minecraft:item.shovel.flatten
[17:29:48] [Client thread/WARN]: Missing sound for event: minecraft:music.creative
[17:29:48] [Client thread/WARN]: Missing sound for event: minecraft:music.credits
[17:29:48] [Client thread/WARN]: Missing sound for event: minecraft:music.dragon
[17:29:48] [Client thread/WARN]: Missing sound for event: minecraft:music.end
[17:29:48] [Client thread/WARN]: Missing sound for event: minecraft:music.game
[17:29:48] [Client thread/WARN]: Missing sound for event: minecraft:music.menu
[17:29:48] [Client thread/WARN]: Missing sound for event: minecraft:music.nether
[17:29:48] [Client thread/WARN]: Missing sound for event: minecraft:record.11
[17:29:48] [Client thread/WARN]: Missing sound for event: minecraft:record.13
[17:29:48] [Client thread/WARN]: Missing sound for event: minecraft:record.blocks
[17:29:48] [Client thread/WARN]: Missing sound for event: minecraft:record.cat
[17:29:48] [Client thread/WARN]: Missing sound for event: minecraft:record.chirp
[17:29:48] [Client thread/WARN]: Missing sound for event: minecraft:record.far
[17:29:48] [Client thread/WARN]: Missing sound for event: minecraft:record.mall
[17:29:48] [Client thread/WARN]: Missing sound for event: minecraft:record.mellohi
[17:29:48] [Client thread/WARN]: Missing sound for event: minecraft:record.stal
[17:29:48] [Client thread/WARN]: Missing sound for event: minecraft:record.strad
[17:29:48] [Client thread/WARN]: Missing sound for event: minecraft:record.wait
[17:29:48] [Client thread/WARN]: Missing sound for event: minecraft:record.ward
[17:29:48] [Client thread/WARN]: Missing sound for event: minecraft:ui.button.click
[17:29:48] [Client thread/WARN]: Missing sound for event: minecraft:weather.rain
[17:29:48] [Client thread/WARN]: Missing sound for event: minecraft:weather.rain.above
[17:29:48] [Sound Library Loader/INFO]: Starting up SoundSystem...
[17:29:48] [Thread-6/INFO]: Initializing LWJGL OpenAL
[17:29:48] [Thread-6/INFO]: (The LWJGL binding of OpenAL.  For more information, see http://www.lwjgl.org)
[17:29:49] [Thread-6/INFO]: OpenAL initialized.
[17:29:49] [Sound Library Loader/INFO]: Sound engine started
[17:29:55] [Client thread/INFO]: Created: 2048x2048 textures-atlas
[17:30:00] [Client thread/WARN]: Skipping bad option: lastServer:
[17:30:02] [Realms Notification Availability checker #1/INFO]: Could not authorize you against Realms server: Invalid session id
[17:30:50] [Server thread/INFO]: Starting integrated minecraft server version 1.10
[17:30:50] [Server thread/INFO]: Generating keypair
[17:30:51] [Server thread/INFO]: Preparing start region for level 0
[17:30:52] [Server thread/INFO]: Preparing spawn area: 0%
[17:30:53] [Server thread/INFO]: Preparing spawn area: 24%
[17:30:54] [Server thread/INFO]: Preparing spawn area: 60%
[17:30:55] [Server thread/INFO]: Preparing spawn area: 91%
[17:30:56] [Server thread/INFO]: Changing view distance to 8, from 10
[17:30:58] [Server thread/INFO]: tiagodinis_[local:E:bc736e3d] logged in with entity id 337 at (18.483647175783528, 80.0, 70.02676273655392)
[17:30:58] [Server thread/INFO]: tiagodinis_ joined the game
[17:30:59] [Server thread/WARN]: Can't keep up! Did the system time change, or is the server overloaded? Running 2050ms behind, skipping 41 tick(s)
[17:31:00] [Client thread/INFO]: [CHAT] A new §eOptiFine§f version is available: §eHD Ultra E7§f
[17:31:00] [Server thread/INFO]: Saving and pausing game...
[17:31:00] [Server thread/INFO]: Saving chunks for level 'New World'/Overworld
[17:31:01] [Server thread/INFO]: Saving chunks for level 'New World'/Nether
[17:31:01] [Server thread/INFO]: Saving chunks for level 'New World'/The End
[17:31:03] [Client thread/FATAL]: Error executing task
java.util.concurrent.ExecutionException: java.lang.NullPointerException
	at java.util.concurrent.FutureTask.report(FutureTask.java:122) ~[?:1.8.0_252]
	at java.util.concurrent.FutureTask.get(FutureTask.java:192) ~[?:1.8.0_252]
	at net.minecraft.util.Util.runTask(Util.java:23) [bin/:?]
	at net.minecraft.client.Minecraft.runGameLoop(Minecraft.java:1037) [bin/:?]
	at net.minecraft.client.Minecraft.run(Minecraft.java:477) [bin/:?]
	at net.minecraft.client.main.Main.main(Main.java:127) [bin/:?]
	at Start.main(Start.java:11) [bin/:?]
Caused by: java.lang.NullPointerException
	at org.luckymod.LuckyModEvents.onUnpause(LuckyModEvents.java:24) ~[bin/:?]
	at net.minecraft.client.Minecraft.displayGuiScreen(Minecraft.java:959) ~[bin/:?]
	at net.minecraft.client.network.NetHandlerPlayClient.handlePlayerPosLook(NetHandlerPlayClient.java:762) ~[bin/:?]
	at net.minecraft.network.play.server.SPacketPlayerPosLook.processPacket(SPacketPlayerPosLook.java:68) ~[bin/:?]
	at net.minecraft.network.play.server.SPacketPlayerPosLook.processPacket(SPacketPlayerPosLook.java:10) ~[bin/:?]
	at net.minecraft.network.PacketThreadUtil$1.run(PacketThreadUtil.java:15) ~[bin/:?]
	at java.util.concurrent.Executors$RunnableAdapter.call(Executors.java:511) ~[?:1.8.0_252]
	at java.util.concurrent.FutureTask.run(FutureTask.java:266) ~[?:1.8.0_252]
	at net.minecraft.util.Util.runTask(Util.java:22) ~[bin/:?]
	... 4 more
[17:31:04] [Server thread/INFO]: Saving and pausing game...
[17:31:04] [Server thread/INFO]: Saving chunks for level 'New World'/Overworld
[17:31:04] [Server thread/INFO]: Saving chunks for level 'New World'/Nether
[17:31:04] [Server thread/INFO]: Saving chunks for level 'New World'/The End
[17:31:22] [Server thread/INFO]: Stopping server
[17:31:22] [Client thread/FATAL]: Reported exception thrown!
net.minecraft.util.ReportedException: Updating screen events
	at net.minecraft.client.Minecraft.runTick(Minecraft.java:1626) ~[bin/:?]
	at net.minecraft.client.Minecraft.runGameLoop(Minecraft.java:1046) ~[bin/:?]
	at net.minecraft.client.Minecraft.run(Minecraft.java:477) [bin/:?]
	at net.minecraft.client.main.Main.main(Main.java:127) [bin/:?]
	at Start.main(Start.java:11) [bin/:?]
Caused by: java.lang.NullPointerException
	at org.luckymod.LuckyModEvents.onUnpause(LuckyModEvents.java:24) ~[bin/:?]
	at net.minecraft.client.Minecraft.displayGuiScreen(Minecraft.java:959) ~[bin/:?]
	at net.minecraft.client.Minecraft.setIngameFocus(Minecraft.java:1347) ~[bin/:?]
	at net.minecraft.client.Minecraft.displayGuiScreen(Minecraft.java:958) ~[bin/:?]
	at net.minecraft.client.gui.GuiIngameMenu.actionPerformed(GuiIngameMenu.java:90) ~[bin/:?]
	at net.minecraft.client.gui.GuiScreen.mouseClicked(GuiScreen.java:498) ~[bin/:?]
	at net.minecraft.client.gui.GuiScreen.handleMouseInput(GuiScreen.java:601) ~[bin/:?]
	at net.minecraft.client.gui.GuiScreen.handleInput(GuiScreen.java:570) ~[bin/:?]
	at net.minecraft.client.Minecraft.runTick(Minecraft.java:1617) ~[bin/:?]
	... 4 more
[17:31:22] [Server thread/INFO]: Saving players
[17:31:22] [Server thread/INFO]: Saving worlds
[17:31:22] [Server thread/INFO]: Saving chunks for level 'New World'/Overworld
[17:31:22] [Server thread/INFO]: Saving chunks for level 'New World'/Nether
[17:31:22] [Server thread/INFO]: Saving chunks for level 'New World'/The End
